Log file open, 03/04/17 21:03:50
LogInit:Display: Running engine for game: MyProject
LogPlatformFile: Not using cached read wrapper
LogInit:Display: RandInit(-1535981659) SRandInit(-1535981659).
LogTaskGraph: Started task graph with 5 named threads and 6 total threads with 1 sets of task threads.
LogStats: Stats thread started at 0.091692
LogPluginManager: Loaded Plugin Paper2D, From C:/Program Files/Epic Games/UE_4.13/Engine/Plugins/2D/Paper2D/Paper2D.uplugin
LogPluginManager: Loaded Plugin LightPropagationVolume, From C:/Program Files/Epic Games/UE_4.13/Engine/Plugins/Blendables/LightPropagationVolume/LightPropagationVolume.uplugin
LogPluginManager: Loaded Plugin BlankPlugin, From C:/Program Files/Epic Games/UE_4.13/Engine/Plugins/Developer/BlankPlugin/BlankPlugin.uplugin
LogPluginManager: Loaded Plugin CodeLiteSourceCodeAccess, From C:/Program Files/Epic Games/UE_4.13/Engine/Plugins/Developer/CodeLiteSourceCodeAccess/CodeLiteSourceCodeAccess.uplugin
LogPluginManager: Loaded Plugin GitSourceControl, From C:/Program Files/Epic Games/UE_4.13/Engine/Plugins/Developer/GitSourceControl/GitSourceControl.uplugin
LogPluginManager: Loaded Plugin KDevelopSourceCodeAccess, From C:/Program Files/Epic Games/UE_4.13/Engine/Plugins/Developer/KDevelopSourceCodeAccess/KDevelopSourceCodeAccess.uplugin
LogPluginManager: Loaded Plugin NullSourceCodeAccess, From C:/Program Files/Epic Games/UE_4.13/Engine/Plugins/Developer/NullSourceCodeAccess/NullSourceCodeAccess.uplugin
LogPluginManager: Loaded Plugin OneSkyLocalizationService, From C:/Program Files/Epic Games/UE_4.13/Engine/Plugins/Developer/OneSkyLocalizationService/OneSkyLocalizationService.uplugin
LogPluginManager: Loaded Plugin PerforceSourceControl, From C:/Program Files/Epic Games/UE_4.13/Engine/Plugins/Developer/PerforceSourceControl/PerforceSourceControl.uplugin
LogPluginManager: Loaded Plugin SubversionSourceControl, From C:/Program Files/Epic Games/UE_4.13/Engine/Plugins/Developer/SubversionSourceControl/SubversionSourceControl.uplugin
LogPluginManager: Loaded Plugin UObjectPlugin, From C:/Program Files/Epic Games/UE_4.13/Engine/Plugins/Developer/UObjectPlugin/UObjectPlugin.uplugin
LogPluginManager: Loaded Plugin VisualStudioSourceCodeAccess, From C:/Program Files/Epic Games/UE_4.13/Engine/Plugins/Developer/VisualStudioSourceCodeAccess/VisualStudioSourceCodeAccess.uplugin
LogPluginManager: Loaded Plugin XCodeSourceCodeAccess, From C:/Program Files/Epic Games/UE_4.13/Engine/Plugins/Developer/XCodeSourceCodeAccess/XCodeSourceCodeAccess.uplugin
LogPluginManager: Loaded Plugin EpicSurvey, From C:/Program Files/Epic Games/UE_4.13/Engine/Plugins/Editor/EpicSurvey/EpicSurvey.uplugin
LogPluginManager: Loaded Plugin MacGraphicsSwitching, From C:/Program Files/Epic Games/UE_4.13/Engine/Plugins/Editor/MacGraphicsSwitching/MacGraphicsSwitching.uplugin
LogPluginManager: Loaded Plugin MobileLauncherProfileWizard, From C:/Program Files/Epic Games/UE_4.13/Engine/Plugins/Editor/MobileLauncherProfileWizard/MobileLauncherProfileWizard.uplugin
LogPluginManager: Loaded Plugin PluginBrowser, From C:/Program Files/Epic Games/UE_4.13/Engine/Plugins/Editor/PluginBrowser/PluginBrowser.uplugin
LogPluginManager: Loaded Plugin SpeedTreeImporter, From C:/Program Files/Epic Games/UE_4.13/Engine/Plugins/Editor/SpeedTreeImporter/SpeedTreeImporter.uplugin
LogPluginManager: Loaded Plugin SuperSearchEditor, From C:/Program Files/Epic Games/UE_4.13/Engine/Plugins/Editor/SuperSearchEditor/SuperSearchEditor.uplugin
LogPluginManager: Loaded Plugin AlembicImporter, From C:/Program Files/Epic Games/UE_4.13/Engine/Plugins/Experimental/AlembicImporter/AlembicImporter.uplugin
LogPluginManager: Loaded Plugin BlueprintStats, From C:/Program Files/Epic Games/UE_4.13/Engine/Plugins/Experimental/BlueprintStats/BlueprintStats.uplugin
LogPluginManager: Loaded Plugin CharacterAI, From C:/Program Files/Epic Games/UE_4.13/Engine/Plugins/Experimental/CharacterAI/CharacterAI.uplugin
LogPluginManager: Loaded Plugin CodeEditor, From C:/Program Files/Epic Games/UE_4.13/Engine/Plugins/Experimental/CodeEditor/CodeEditor.uplugin
LogPluginManager: Loaded Plugin CodeView, From C:/Program Files/Epic Games/UE_4.13/Engine/Plugins/Experimental/CodeView/CodeView.uplugin
LogPluginManager: Loaded Plugin HTML5Networking, From C:/Program Files/Epic Games/UE_4.13/Engine/Plugins/Experimental/HTML5Networking/HTML5Networking.uplugin
LogPluginManager: Loaded Plugin LiveEditor, From C:/Program Files/Epic Games/UE_4.13/Engine/Plugins/Experimental/LiveEditor/LiveEditor.uplugin
LogPluginManager: Loaded Plugin OSVR, From C:/Program Files/Epic Games/UE_4.13/Engine/Plugins/Experimental/OSVR/OSVR.uplugin
LogPluginManager: Loaded Plugin Phya, From C:/Program Files/Epic Games/UE_4.13/Engine/Plugins/Experimental/Phya/Phya.uplugin
LogPluginManager: Loaded Plugin SignificanceManager, From C:/Program Files/Epic Games/UE_4.13/Engine/Plugins/Experimental/SignificanceManager/SignificanceManager.uplugin
LogPluginManager: Loaded Plugin SimpleHMD, From C:/Program Files/Epic Games/UE_4.13/Engine/Plugins/Experimental/SimpleHMD/SimpleHMD.uplugin
LogPluginManager: Loaded Plugin StereoPanorama, From C:/Program Files/Epic Games/UE_4.13/Engine/Plugins/Experimental/StereoPanorama/StereoPanorama.uplugin
LogPluginManager: Loaded Plugin StructBox, From C:/Program Files/Epic Games/UE_4.13/Engine/Plugins/Experimental/StructBox/StructBox.uplugin
LogPluginManager: Loaded Plugin Substance, From C:/Program Files/Epic Games/UE_4.13/Engine/Plugins/Marketplace/Substance/Substance.uplugin
LogPluginManager: Loaded Plugin AndroidMedia, From C:/Program Files/Epic Games/UE_4.13/Engine/Plugins/Media/AndroidMedia/AndroidMedia.uplugin
LogPluginManager: Loaded Plugin AvfMedia, From C:/Program Files/Epic Games/UE_4.13/Engine/Plugins/Media/AvfMedia/AvfMedia.uplugin
LogPluginManager: Loaded Plugin MediaPlayerEditor, From C:/Program Files/Epic Games/UE_4.13/Engine/Plugins/Media/MediaPlayerEditor/MediaPlayerEditor.uplugin
LogPluginManager: Loaded Plugin WmfMedia, From C:/Program Files/Epic Games/UE_4.13/Engine/Plugins/Media/WmfMedia/WmfMedia.uplugin
LogPluginManager: Loaded Plugin MessagingDebugger, From C:/Program Files/Epic Games/UE_4.13/Engine/Plugins/Messaging/MessagingDebugger/MessagingDebugger.uplugin
LogPluginManager: Loaded Plugin TcpMessaging, From C:/Program Files/Epic Games/UE_4.13/Engine/Plugins/Messaging/TcpMessaging/TcpMessaging.uplugin
LogPluginManager: Loaded Plugin UdpMessaging, From C:/Program Files/Epic Games/UE_4.13/Engine/Plugins/Messaging/UdpMessaging/UdpMessaging.uplugin
LogPluginManager: Loaded Plugin LevelSequenceEditor, From C:/Program Files/Epic Games/UE_4.13/Engine/Plugins/MovieScene/LevelSequenceEditor/LevelSequenceEditor.uplugin
LogPluginManager: Loaded Plugin MatineeToLevelSequence, From C:/Program Files/Epic Games/UE_4.13/Engine/Plugins/MovieScene/MatineeToLevelSequence/MatineeToLevelSequence.uplugin
LogPluginManager: Loaded Plugin NetcodeUnitTest, From C:/Program Files/Epic Games/UE_4.13/Engine/Plugins/NetcodeUnitTest/NetcodeUnitTest/NetcodeUnitTest.uplugin
LogPluginManager: Loaded Plugin NUTUnrealEngine4, From C:/Program Files/Epic Games/UE_4.13/Engine/Plugins/NetcodeUnitTest/NUTUnrealEngine4/NUTUnrealEngine4.uplugin
LogPluginManager: Loaded Plugin OnlineSubsystemGooglePlay, From C:/Program Files/Epic Games/UE_4.13/Engine/Plugins/Online/Android/OnlineSubsystemGooglePlay/OnlineSubsystemGooglePlay.uplugin
LogPluginManager: Loaded Plugin OnlineSubsystemIOS, From C:/Program Files/Epic Games/UE_4.13/Engine/Plugins/Online/IOS/OnlineSubsystemIOS/OnlineSubsystemIOS.uplugin
LogPluginManager: Loaded Plugin OnlineFramework, From C:/Program Files/Epic Games/UE_4.13/Engine/Plugins/Online/OnlineFramework/OnlineFramework.uplugin
LogPluginManager: Loaded Plugin OnlineSubsystem, From C:/Program Files/Epic Games/UE_4.13/Engine/Plugins/Online/OnlineSubsystem/OnlineSubsystem.uplugin
LogPluginManager: Loaded Plugin OnlineSubsystemAmazon, From C:/Program Files/Epic Games/UE_4.13/Engine/Plugins/Online/OnlineSubsystemAmazon/OnlineSubsystemAmazon.uplugin
LogPluginManager: Loaded Plugin OnlineSubsystemFacebook, From C:/Program Files/Epic Games/UE_4.13/Engine/Plugins/Online/OnlineSubsystemFacebook/OnlineSubsystemFacebook.uplugin
LogPluginManager: Loaded Plugin OnlineSubsystemNull, From C:/Program Files/Epic Games/UE_4.13/Engine/Plugins/Online/OnlineSubsystemNull/OnlineSubsystemNull.uplugin
LogPluginManager: Loaded Plugin OnlineSubsystemOculus, From C:/Program Files/Epic Games/UE_4.13/Engine/Plugins/Online/OnlineSubsystemOculus/OnlineSubsystemOculus.uplugin
LogPluginManager: Loaded Plugin OnlineSubsystemSteam, From C:/Program Files/Epic Games/UE_4.13/Engine/Plugins/Online/OnlineSubsystemSteam/OnlineSubsystemSteam.uplugin
LogPluginManager: Loaded Plugin OnlineSubsystemUtils, From C:/Program Files/Epic Games/UE_4.13/Engine/Plugins/Online/OnlineSubsystemUtils/OnlineSubsystemUtils.uplugin
LogPluginManager: Loaded Plugin IOSTapJoy, From C:/Program Files/Epic Games/UE_4.13/Engine/Plugins/Runtime/Advertising/IOSTapJoy/IOSTapJoy.uplugin
LogPluginManager: Loaded Plugin AnalyticsBlueprintLibrary, From C:/Program Files/Epic Games/UE_4.13/Engine/Plugins/Runtime/Analytics/AnalyticsBlueprintLibrary/AnalyticsBlueprintLibrary.uplugin
LogPluginManager: Loaded Plugin AnalyticsMulticast, From C:/Program Files/Epic Games/UE_4.13/Engine/Plugins/Runtime/Analytics/AnalyticsMulticast/AnalyticsMulticast.uplugin
LogPluginManager: Loaded Plugin Apsalar, From C:/Program Files/Epic Games/UE_4.13/Engine/Plugins/Runtime/Analytics/Apsalar/Apsalar.uplugin
LogPluginManager: Loaded Plugin FileLogging, From C:/Program Files/Epic Games/UE_4.13/Engine/Plugins/Runtime/Analytics/FileLogging/FileLogging.uplugin
LogPluginManager: Loaded Plugin Flurry, From C:/Program Files/Epic Games/UE_4.13/Engine/Plugins/Runtime/Analytics/Flurry/Flurry.uplugin
LogPluginManager: Loaded Plugin AndroidDeviceProfileSelector, From C:/Program Files/Epic Games/UE_4.13/Engine/Plugins/Runtime/AndroidDeviceProfileSelector/AndroidDeviceProfileSelector.uplugin
LogPluginManager: Loaded Plugin AndroidMoviePlayer, From C:/Program Files/Epic Games/UE_4.13/Engine/Plugins/Runtime/AndroidMoviePlayer/AndroidMoviePlayer.uplugin
LogPluginManager: Loaded Plugin AppleMoviePlayer, From C:/Program Files/Epic Games/UE_4.13/Engine/Plugins/Runtime/AppleMoviePlayer/AppleMoviePlayer.uplugin
LogPluginManager: Loaded Plugin ArchVisCharacter, From C:/Program Files/Epic Games/UE_4.13/Engine/Plugins/Runtime/ArchVisCharacter/ArchVisCharacter.uplugin
LogPluginManager: Loaded Plugin CableComponent, From C:/Program Files/Epic Games/UE_4.13/Engine/Plugins/Runtime/CableComponent/CableComponent.uplugin
LogPluginManager: Loaded Plugin CustomMeshComponent, From C:/Program Files/Epic Games/UE_4.13/Engine/Plugins/Runtime/CustomMeshComponent/CustomMeshComponent.uplugin
LogPluginManager: Loaded Plugin ExampleDeviceProfileSelector, From C:/Program Files/Epic Games/UE_4.13/Engine/Plugins/Runtime/ExampleDeviceProfileSelector/ExampleDeviceProfileSelector.uplugin
LogPluginManager: Loaded Plugin GearVR, From C:/Program Files/Epic Games/UE_4.13/Engine/Plugins/Runtime/GearVR/GearVR.uplugin
LogPluginManager: Loaded Plugin GoogleVRController, From C:/Program Files/Epic Games/UE_4.13/Engine/Plugins/Runtime/GoogleVR/GoogleVRController/GoogleVRController.uplugin
LogPluginManager: Loaded Plugin GoogleVRHMD, From C:/Program Files/Epic Games/UE_4.13/Engine/Plugins/Runtime/GoogleVR/GoogleVRHMD/GoogleVRHMD.uplugin
LogPluginManager: Loaded Plugin IOSDeviceProfileSelector, From C:/Program Files/Epic Games/UE_4.13/Engine/Plugins/Runtime/IOSDeviceProfileSelector/IOSDeviceProfileSelector.uplugin
LogPluginManager: Loaded Plugin LeapMotion, From C:/Program Files/Epic Games/UE_4.13/Engine/Plugins/Runtime/LeapMotion/LeapMotion.uplugin
LogPluginManager: Loaded Plugin LinuxDeviceProfileSelector, From C:/Program Files/Epic Games/UE_4.13/Engine/Plugins/Runtime/LinuxDeviceProfileSelector/LinuxDeviceProfileSelector.uplugin
LogPluginManager: Loaded Plugin LiveEditorListenServer, From C:/Program Files/Epic Games/UE_4.13/Engine/Plugins/Runtime/LiveEditorListenServer/LiveEditorListenServer.uplugin
LogPluginManager: Loaded Plugin OculusAudio, From C:/Program Files/Epic Games/UE_4.13/Engine/Plugins/Runtime/OculusAudio/OculusAudio.uplugin
LogPluginManager: Loaded Plugin OculusInput, From C:/Program Files/Epic Games/UE_4.13/Engine/Plugins/Runtime/OculusInput/OculusInput.uplugin
LogPluginManager: Loaded Plugin OculusLibrary, From C:/Program Files/Epic Games/UE_4.13/Engine/Plugins/Runtime/OculusLibrary/OculusLibrary.uplugin
LogPluginManager: Loaded Plugin OculusRift, From C:/Program Files/Epic Games/UE_4.13/Engine/Plugins/Runtime/OculusRift/OculusRift.uplugin
LogPluginManager: Loaded Plugin Oodle, From C:/Program Files/Epic Games/UE_4.13/Engine/Plugins/Runtime/PacketHandlers/CompressionComponents/Oodle/Oodle.uplugin
LogPluginManager: Loaded Plugin ProceduralMeshComponent, From C:/Program Files/Epic Games/UE_4.13/Engine/Plugins/Runtime/ProceduralMeshComponent/ProceduralMeshComponent.uplugin
LogPluginManager: Loaded Plugin SoundMod, From C:/Program Files/Epic Games/UE_4.13/Engine/Plugins/Runtime/SoundMod/SoundMod.uplugin
LogPluginManager: Loaded Plugin SoundVisualizations, From C:/Program Files/Epic Games/UE_4.13/Engine/Plugins/Runtime/SoundVisualizations/SoundVisualizations.uplugin
LogPluginManager: Loaded Plugin SteamController, From C:/Program Files/Epic Games/UE_4.13/Engine/Plugins/Runtime/Steam/SteamController/SteamController.uplugin
LogPluginManager: Loaded Plugin SteamVR, From C:/Program Files/Epic Games/UE_4.13/Engine/Plugins/Runtime/Steam/SteamVR/SteamVR.uplugin
LogPluginManager: Loaded Plugin WebBrowserWidget, From C:/Program Files/Epic Games/UE_4.13/Engine/Plugins/Runtime/WebBrowserWidget/WebBrowserWidget.uplugin
LogPluginManager: Loaded Plugin WindowsDeviceProfileSelector, From C:/Program Files/Epic Games/UE_4.13/Engine/Plugins/Runtime/WindowsDeviceProfileSelector/WindowsDeviceProfileSelector.uplugin
LogPluginManager: Loaded Plugin WindowsMoviePlayer, From C:/Program Files/Epic Games/UE_4.13/Engine/Plugins/Runtime/WindowsMoviePlayer/WindowsMoviePlayer.uplugin
LogPluginManager: Loaded Plugin ScriptPlugin, From C:/Program Files/Epic Games/UE_4.13/Engine/Plugins/ScriptPlugin/ScriptPlugin.uplugin
LogPluginManager: Loaded Plugin SlateRemote, From C:/Program Files/Epic Games/UE_4.13/Engine/Plugins/Slate/SlateRemote/SlateRemote.uplugin
LogInit: Using libcurl 7.47.1
LogInit:  - built for x86_64-pc-win32
LogInit:  - supports SSL with WinSSL
LogInit:  - other features:
LogInit:      CURL_VERSION_SSL
LogInit:      CURL_VERSION_IPV6
LogInit:      CURL_VERSION_ASYNCHDNS
LogInit:      CURL_VERSION_LARGEFILE
LogInit:      CURL_VERSION_IDN
LogInit:  CurlRequestOptions (configurable via config and command line):
LogInit:  - bVerifyPeer = false  - Libcurl will NOT verify peer certificate
LogInit:  - bUseHttpProxy = false  - Libcurl will NOT use HTTP proxy
LogInit:  - bDontReuseConnections = false  - Libcurl will reuse connections
LogInit:  - CertBundlePath = nullptr  - Libcurl will use whatever was configured at build time.
LogInit: Build: ++UE4+Release-4.13-CL-3172292
LogInit: Engine Version: 4.13.2-3172292+++UE4+Release-4.13
LogInit: Compatible Engine Version: 4.13.0-3106830+++UE4+Release-4.13
LogInit: Net CL: 3172292
LogDevObjectVersion: Number of dev versions registered: 13
LogDevObjectVersion:   Dev-Blueprints (B0D832E4-1F89-4F0D-ACCF-7EB736FD4AA2): 5
LogDevObjectVersion:   Dev-Build (E1C64328-A22C-4D53-A36C-8E866417BD8C): 0
LogDevObjectVersion:   Dev-Core (375EC13C-06E4-48FB-B500-84F0262A717E): 1
LogDevObjectVersion:   Dev-Editor (E4B068ED-F494-42E9-A231-DA0B2E46BB41): 6
LogDevObjectVersion:   Dev-Framework (CFFC743F-43B0-4480-9391-14DF171D2073): 12
LogDevObjectVersion:   Dev-Mobile (B02B49B5-BB20-44E9-A304-32B752E40360): 0
LogDevObjectVersion:   Dev-Networking (A4E4105C-59A1-49B5-A7C5-40C4547EDFEE): 0
LogDevObjectVersion:   Dev-Online (39C831C9-5AE6-47DC-9A44-9C173E1C8E7C): 0
LogDevObjectVersion:   Dev-Physics (78F01B33-EBEA-4F98-B9B4-84EACCB95AA2): 0
LogDevObjectVersion:   Dev-Platform (6631380F-2D4D-43E0-8009-CF276956A95A): 0
LogDevObjectVersion:   Dev-Rendering (12F88B9F-8875-4AFC-A67C-D90C383ABD29): 4
LogDevObjectVersion:   Dev-Sequencer (7B5AE74C-D270-4C10-A958-57980B212A5A): 0
LogDevObjectVersion:   Dev-VR (D7296918-1DD6-4BDD-9DE2-64A83CC13884): 0
LogInit: Compiled (64-bit): Oct 24 2016 14:29:06
LogInit: Compiled with Visual C++: 19.00.23026.00
LogInit: Build Configuration: Development
LogInit: Branch Name: ++UE4+Release-4.13
LogInit: Command line:  
LogInit: Base directory: C:/Program Files/Epic Games/UE_4.13/Engine/Binaries/Win64/
LogInit: Installed Engine Build: 1
LogInit: Presizing for max 8388607 objects, including 0 objects not considered by GC, pre-allocating 0 bytes for permanent pool.
LogInit: Object subsystem initialized
[2017.03.04-21.03.51:106][  0]LogInit: Selected Device Profile: [Windows]
[2017.03.04-21.03.51:106][  0]LogInit: Applying CVar settings loaded from the selected device profile: [Windows]
[2017.03.04-21.03.51:145][  0]LogInit: Computer: MUHAMMAD
[2017.03.04-21.03.51:145][  0]LogInit: User: Muhammad
[2017.03.04-21.03.51:145][  0]LogInit: CPU Page size=65536, Cores=2
[2017.03.04-21.03.51:145][  0]LogInit: High frequency timer resolution =1.656393 MHz
[2017.03.04-21.03.51:146][  0]LogMemory: Memory total: Physical=3.9GB (4GB approx)
[2017.03.04-21.03.51:146][  0]LogMemory: Platform Memory Stats for Windows
[2017.03.04-21.03.51:146][  0]LogMemory: Process Physical Memory: 253.25 MB used, 253.25 MB peak
[2017.03.04-21.03.51:146][  0]LogMemory: Process Virtual Memory: 259.37 MB used, 259.37 MB peak
[2017.03.04-21.03.51:146][  0]LogMemory: Physical Memory: 2694.20 MB used, 3979.71 MB total
[2017.03.04-21.03.51:146][  0]LogMemory: Virtual Memory: 598.71 MB used, 134217728.00 MB total
[2017.03.04-21.03.51:206][  0]LogTextLocalizationManager: No specific translations for ('en-GB') exist, so ('en') translations will be used.
[2017.03.04-21.03.52:778][  0]LogD3D11RHI: D3D11 adapters:
[2017.03.04-21.03.52:784][  0]LogD3D11RHI:    0. 'Intel(R) HD Graphics 4000' (Feature Level 11_0)
[2017.03.04-21.03.52:784][  0]LogD3D11RHI:       32/0/1760 MB DedicatedVideo/DedicatedSystem/SharedSystem, Outputs:1, VendorId:0x8086
[2017.03.04-21.03.52:786][  0]LogD3D11RHI:    1. 'Microsoft Basic Render Driver' (Feature Level 11_0)
[2017.03.04-21.03.52:786][  0]LogD3D11RHI:       0/0/256 MB DedicatedVideo/DedicatedSystem/SharedSystem, Outputs:0, VendorId:0x1414
[2017.03.04-21.03.52:786][  0]LogD3D11RHI: Chosen D3D11 Adapter: 0
[2017.03.04-21.03.52:793][  0]LogD3D11RHI: Creating new Direct3DDevice
[2017.03.04-21.03.52:793][  0]LogD3D11RHI:     GPU DeviceId: 0x166 (for the marketing name, search the web for "GPU Device Id")
[2017.03.04-21.03.52:793][  0]LogWindows: EnumDisplayDevices:
[2017.03.04-21.03.52:793][  0]LogWindows:    0. 'Intel(R) HD Graphics 4000' (P:1 D:1)
[2017.03.04-21.03.52:793][  0]LogWindows:    1. 'Intel(R) HD Graphics 4000' (P:0 D:0)
[2017.03.04-21.03.52:793][  0]LogWindows:    2. 'Intel(R) HD Graphics 4000' (P:0 D:0)
[2017.03.04-21.03.52:794][  0]LogWindows: DebugString: FoundDriverCount:3 
[2017.03.04-21.03.52:794][  0]LogD3D11RHI:     Adapter Name: Intel(R) HD Graphics 4000
[2017.03.04-21.03.52:794][  0]LogD3D11RHI:   Driver Version: 10.18.10.3496 (internal:10.18.10.3496, unified:10.18.10.3496)
[2017.03.04-21.03.52:794][  0]LogD3D11RHI:      Driver Date: 3-7-2014
[2017.03.04-21.03.52:794][  0]LogRHI: Texture pool is 638 MB (70% of 912 MB)
[2017.03.04-21.03.52:799][  0]LogD3D11RHI: Async texture creation enabled
[2017.03.04-21.03.52:809][  0]LogD3D11RHI: GPU Timing Frequency: 12.500000 (Debug: 2 0)
[2017.03.04-21.03.52:810][  0]LogShaderCompilers: Guid format shader working directory is -19 characters bigger than the processId version (../../../../../../Users/Muhammad/Documents/Unreal Projects/MyProject/Intermediate/Shaders/WorkingDirectory/5952/).
[2017.03.04-21.03.52:810][  0]LogShaderCompilers: Cleaned the shader compiler working directory 'C:/Users/Muhammad/AppData/Local/Temp/UnrealShaderWorkingDir/5C42E47848A94DEB75BC3584FE50F72C/'.
[2017.03.04-21.03.52:810][  0]LogShaderCompilers:Display: Using Local Shader Compiler.
[2017.03.04-21.03.56:659][  0]LogTemp:Display: Loaded TP AllDesktopTargetPlatform
[2017.03.04-21.03.56:697][  0]LogTemp:Display: Loaded TP WindowsClientTargetPlatform
[2017.03.04-21.03.56:732][  0]LogTemp:Display: Loaded TP WindowsNoEditorTargetPlatform
[2017.03.04-21.03.56:767][  0]LogTemp:Display: Loaded TP WindowsServerTargetPlatform
[2017.03.04-21.03.56:798][  0]LogTemp:Display: Loaded TP WindowsTargetPlatform
[2017.03.04-21.03.56:830][  0]LogTemp:Display: Loaded TP AndroidTargetPlatform
[2017.03.04-21.03.56:863][  0]LogTemp:Display: Loaded TP Android_ASTCTargetPlatform
[2017.03.04-21.03.56:892][  0]LogTemp:Display: Loaded TP Android_ATCTargetPlatform
[2017.03.04-21.03.56:920][  0]LogTemp:Display: Loaded TP Android_DXTTargetPlatform
[2017.03.04-21.03.56:950][  0]LogTemp:Display: Loaded TP Android_ETC1TargetPlatform
[2017.03.04-21.03.56:973][  0]LogTemp:Display: Loaded TP Android_ETC2TargetPlatform
[2017.03.04-21.03.57:033][  0]LogTemp:Display: Loaded TP Android_MultiTargetPlatform
[2017.03.04-21.03.57:033][  0]LogTemp:Display: Loaded TP Android_PVRTCTargetPlatform
[2017.03.04-21.03.57:037][  0]LogTemp:Display: Loaded TP HTML5TargetPlatform
[2017.03.04-21.03.57:083][  0]LogTemp:Display: Loaded TP IOSTargetPlatform
[2017.03.04-21.03.57:112][  0]LogTemp:Display: Loaded TP TVOSTargetPlatform
[2017.03.04-21.03.57:138][  0]LogTemp:Display: Loaded TP LinuxClientTargetPlatform
[2017.03.04-21.03.57:177][  0]LogTemp:Display: Loaded TP LinuxNoEditorTargetPlatform
[2017.03.04-21.03.57:216][  0]LogTemp:Display: Loaded TP LinuxServerTargetPlatform
[2017.03.04-21.03.57:244][  0]LogTemp:Display: Loaded TP LinuxTargetPlatform
[2017.03.04-21.03.57:245][  0]LogTargetPlatformManager:Display: Building Assets For Windows
[2017.03.04-21.03.57:483][  0]LogDerivedDataCache:Display: Max Cache Size: 512 MB
[2017.03.04-21.03.57:749][  0]LogDerivedDataCache: Loaded boot cache 0.27s 63MB C:/Users/Muhammad/AppData/Local/UnrealEngine/4.13/DerivedDataCache/Boot.ddc.
[2017.03.04-21.03.57:749][  0]LogDerivedDataCache:Display: Loaded Boot cache: C:/Users/Muhammad/AppData/Local/UnrealEngine/4.13/DerivedDataCache/Boot.ddc
[2017.03.04-21.03.57:750][  0]LogDerivedDataCache: FDerivedDataBackendGraph:  Pak pak cache file ../../../../../../Users/Muhammad/Documents/Unreal Projects/MyProject/DerivedDataCache/DDC.ddp not found, will not use a pak cache.
[2017.03.04-21.03.57:750][  0]LogDerivedDataCache: Unable to find inner node Pak for hierarchical cache Hierarchy.
[2017.03.04-21.03.57:750][  0]LogDerivedDataCache: FDerivedDataBackendGraph:  CompressedPak pak cache file ../../../../../../Users/Muhammad/Documents/Unreal Projects/MyProject/DerivedDataCache/Compressed.ddp not found, will not use a pak cache.
[2017.03.04-21.03.57:750][  0]LogDerivedDataCache: Unable to find inner node CompressedPak for hierarchical cache Hierarchy.
[2017.03.04-21.03.57:785][  0]LogDerivedDataCache:Display: Pak cache opened for reading ../../../Engine/DerivedDataCache/Compressed.ddp.
[2017.03.04-21.03.57:798][  0]LogDerivedDataCache: Using Local data cache path C:/Users/Muhammad/AppData/Local/UnrealEngine/Common/DerivedDataCache: Writable
[2017.03.04-21.03.58:544][  0]LogInit: Selected Device Profile: [Windows]
[2017.03.04-21.03.58:552][  0]LogContentStreaming: Texture pool size is 0.00 MB
[2017.03.04-21.03.58:791][  0]LogMeshUtilities: No automatic mesh reduction module available
[2017.03.04-21.03.58:791][  0]LogMeshUtilities: No automatic mesh merging module available
[2017.03.04-21.03.58:791][  0]LogMeshUtilities: No distributed automatic mesh merging module available
[2017.03.04-21.03.58:983][  0]LogMaterial: Uniform references updated for custom material expression Custom.
[2017.03.04-21.03.59:772][  0]LogNetVersion: GetLocalNetworkVersion: CL: 3106830, ProjectName: myproject, ProjectVersion: , EngineNetworkVersion: 1, GameNetworkVersion: 0, NetworkChecksum: 1879837642
[2017.03.04-21.03.59:838][  0]LogAssetRegistry: FAssetRegistry took 0.0227 seconds to start up
[2017.03.04-21.03.59:910][  0]LogPackageLocalizationCache: Processed 3 localized package path(s) for 2 prioritized culture(s) in 0.066307 seconds
[2017.03.04-21.03.59:923][  0]LogUObjectArray: 29778 objects as part of root set at end of initial load.
[2017.03.04-21.03.59:923][  0]LogUObjectAllocator: 6125448 out of 0 bytes used by permanent object pool.
[2017.03.04-21.03.59:923][  0]LogUObjectArray: CloseDisregardForGC: 0/0 objects in disregard for GC pool
[2017.03.04-21.03.59:942][  0]LogInit: WinSock: version 1.1 (2.2), MaxSocks=32767, MaxUdp=65467
[2017.03.04-21.04.00:598][  0]LogSlate: SlateFontCache - WITH_FREETYPE: 1, WITH_HARFBUZZ: 1
[2017.03.04-21.04.00:598][  0]LogSlate: SlateFontCache - WITH_FREETYPE: 1, WITH_HARFBUZZ: 1
[2017.03.04-21.04.03:048][  0]LogSubstanceCoreModule: Substance CPU Engine Loaded, Max Texture Size 2048
[2017.03.04-21.04.03:061][  0]LogTcpMessaging: Initializing TcpMessaging bridge
[2017.03.04-21.04.03:084][  0]LogUdpMessaging: Initializing bridge on interface 0.0.0.0:0 to multicast group 230.0.0.1:6666.
[2017.03.04-21.04.03:617][  0]SourceControl: Info Source control is disabled
[2017.03.04-21.04.03:649][  0]SourceControl: Info Source control is disabled
[2017.03.04-21.04.03:667][  0]SourceControl: Info Source control is disabled
[2017.03.04-21.04.03:681][  0]SourceControl: Info Source control is disabled
[2017.03.04-21.04.04:454][  0]LogEngine: Initializing Engine...
[2017.03.04-21.04.04:455][  0]LogHMD: Failed to initialize OpenVR with code 110
[2017.03.04-21.04.04:756][  0]LogAIModule: Creating AISystem for world Untitled
[2017.03.04-21.04.04:767][  0]LogInit: XAudio2 using 'Speakers (High Definition Audio Device)' : 2 channels at 44.1 kHz using 16 bits per sample (channel mask 0x3)
[2017.03.04-21.04.04:779][  0]LogInit: FAudioDevice initialized.
[2017.03.04-21.04.04:850][  0]LogDerivedDataCache: Saved boot cache 0.07s 63MB C:/Users/Muhammad/AppData/Local/UnrealEngine/4.13/DerivedDataCache/Boot.ddc.
[2017.03.04-21.04.04:876][  0]LogInit: Texture streaming: Enabled
[2017.03.04-21.04.04:939][  0]LogInit: Transaction tracking system initialized
[2017.03.04-21.04.04:985][  0]BlueprintLog: New page: Editor Load
[2017.03.04-21.04.05:162][  0]LocalizationService: Info Localization service is disabled
[2017.03.04-21.04.05:759][  0]LogConsoleResponse:Display: 
[2017.03.04-21.04.06:025][  0]LogCook:Display: Max memory allowance for cook 16384mb min free memory 0mb
[2017.03.04-21.04.06:025][  0]LogCook:Display: Mobile HDR setting 1
[2017.03.04-21.04.06:343][  0]LogFileCache: Scanning file cache for directory 'C:/Users/Muhammad/Documents/Unreal Projects/MyProject/Content/' took 0.02s
[2017.03.04-21.04.06:343][  0]SourceControl: Info Source control is disabled
[2017.03.04-21.04.06:344][  0]Cmd: MAP LOAD FILE="../../../../../../Users/Muhammad/Documents/Unreal Projects/MyProject/Content/ThirdPersonBP/Maps/ThirdPersonExampleMap.umap" TEMPLATE=0 SHOWPROGRESS=1 FEATURELEVEL=3
[2017.03.04-21.04.06:344][  0]LogEditorServer:Warning: Can't find file '../../../../../../Users/Muhammad/Documents/Unreal Projects/MyProject/Content/ThirdPersonBP/Maps/ThirdPersonExampleMap.umap'
[2017.03.04-21.04.06:344][  0]Cmd: MAP CHECKDEP NOCLEARLOG
[2017.03.04-21.04.06:450][  0]MapCheck: Info Map check complete: 0 Error(s), 0 Warning(s), took 106.477ms to complete.
[2017.03.04-21.04.06:451][  0]LogFileHelpers: Loading map 'ThirdPersonExampleMap' took 0.108
[2017.03.04-21.04.06:622][  0]LogCollectionManager: Loaded 0 collections in 0.002419 seconds
[2017.03.04-21.04.06:668][  0]LogFileCache: Scanning file cache for directory 'C:/Users/Muhammad/Documents/Unreal Projects/MyProject/Saved/Collections/' took 0.01s
[2017.03.04-21.04.06:668][  0]LogFileCache: Scanning file cache for directory 'C:/Users/Muhammad/Documents/Unreal Projects/MyProject/Content/Developers/Muhammad/Collections/' took 0.01s
[2017.03.04-21.04.06:669][  0]LogFileCache: Scanning file cache for directory 'C:/Users/Muhammad/Documents/Unreal Projects/MyProject/Content/Collections/' took 0.01s
[2017.03.04-21.04.06:669][  0]LogCollectionManager: Rebuilt the GUID cache for 0 collections in 0.000004 seconds
[2017.03.04-21.04.06:689][  0]LogContentBrowser: Native class hierarchy populated in 0.0201 seconds. Added 2156 classes and 421 folders.
[2017.03.04-21.04.06:694][  0]LogStats: UGameplayTagsManager::ConstructGameplayTagTree: Construct from data asset -  0.000 s
[2017.03.04-21.04.06:694][  0]LogStats: UGameplayTagsManager::ConstructGameplayTagTree: GameplayTagTreeChangedEvent.Broadcast -  0.000 s
[2017.03.04-21.04.06:695][  0]LogContentBrowser: Native class hierarchy updated for 'GameplayTags' in 0.0007 seconds. Added 12 classes and 0 folders.
[2017.03.04-21.04.06:704][  0]LogContentBrowser: Native class hierarchy updated for 'WidgetCarousel' in 0.0010 seconds. Added 0 classes and 0 folders.
[2017.03.04-21.04.06:775][  0]LogContentBrowser: Native class hierarchy updated for 'AddContentDialog' in 0.0008 seconds. Added 0 classes and 0 folders.
[2017.03.04-21.04.06:784][  0]LogContentBrowser: Native class hierarchy updated for 'SceneOutliner' in 0.0008 seconds. Added 1 classes and 2 folders.
[2017.03.04-21.04.06:810][  0]LogCrashTracker: Crashtracker disabled due to settings.
[2017.03.04-21.04.06:820][  0]LogUObjectGlobals:Warning: Failed to find object 'Class None.'
[2017.03.04-21.04.06:851][  0]LogContentBrowser: Native class hierarchy updated for 'HierarchicalLODOutliner' in 0.0012 seconds. Added 1 classes and 2 folders.
[2017.03.04-21.04.06:851][  0]LogLoad: (Engine Initialization) Total time: 17.58 seconds
[2017.03.04-21.04.06:851][  0]LogLoad: (Engine Initialization) Total Blueprint compile time: 0.02 seconds
[2017.03.04-21.04.06:851][  0]LogExternalProfiler: Found external profiler: VSPerf
[2017.03.04-21.04.06:851][  0]LogExternalProfiler: Using external profiler: VSPerf
[2017.03.04-21.04.07:192][  0]LogOcInput: OculusInput pre-init called
[2017.03.04-21.04.07:215][  0]LogContentStreaming: Texture pool size now 600 MB
[2017.03.04-21.04.07:544][  0]LogRenderer: Reallocating scene render targets to support 740x304 (Frame:2).
[2017.03.04-21.04.09:490][  3]LogAssetRegistry: Asset discovery search completed in 9.6750 seconds
[2017.03.04-21.04.09:490][  3]LogCollectionManager: Rebuilt the object cache for 0 collections in 0.000002 seconds (found 0 objects)
[2017.03.04-21.04.09:490][  3]LogCollectionManager: Fixed up redirectors for 0 collections in 0.000049 seconds (updated 0 objects)
[2017.03.04-21.05.14:666][311]LogPlayLevel: PlayLevel: No blueprints needed recompiling
[2017.03.04-21.05.14:678][311]PIE: New page: PIE session: Untitled_0 (4 Mar 2017 21:05:14)
[2017.03.04-21.05.14:679][311]LogPlayLevel: Creating play world package: /Temp/UEDPIE_0_Untitled_0
[2017.03.04-21.05.14:682][311]LogPlayLevel: PIE: StaticDuplicateObject took: (0.002981s)
[2017.03.04-21.05.14:684][311]LogAIModule: Creating AISystem for world Untitled
[2017.03.04-21.05.14:685][311]LogPlayLevel: PIE: World Init took: (0.002345s)
[2017.03.04-21.05.14:685][311]LogPlayLevel: PIE: Created PIE world by copying editor world from /Temp/Untitled_0.Untitled to /Temp/UEDPIE_0_Untitled_0.Untitled (0.006428s)
[2017.03.04-21.05.14:728][311]LogInit: XAudio2 using 'Speakers (High Definition Audio Device)' : 2 channels at 44.1 kHz using 16 bits per sample (channel mask 0x3)
[2017.03.04-21.05.14:738][311]LogInit: FAudioDevice initialized.
[2017.03.04-21.05.14:801][311]LogLinker:Warning: Can't find file '/Game/ThirdPersonBP/Blueprints/ThirdPersonGameMode'
[2017.03.04-21.05.14:802][311]LogLinker:Warning: Can't find file '/Game/ThirdPersonBP/Blueprints/ThirdPersonGameMode'
[2017.03.04-21.05.14:802][311]LogUObjectGlobals:Warning: Failed to find object 'Class /Game/ThirdPersonBP/Blueprints/ThirdPersonGameMode.ThirdPersonGameMode_C'
[2017.03.04-21.05.14:802][311]LogWorld: Game class is 'GameMode'
[2017.03.04-21.05.14:812][311]LogWorld: Bringing World /Temp/UEDPIE_0_Untitled_0.Untitled up for play (max tick rate 60) at 2017.03.04-21.05.14
[2017.03.04-21.05.14:814][311]LogWorld: Bringing up level for play took: 0.003266
[2017.03.04-21.05.14:835][311]LogContentBrowser: Native class hierarchy updated for 'MovieSceneCapture' in 0.0013 seconds. Added 11 classes and 0 folders.
[2017.03.04-21.05.14:836][311]LogGameMode:Display: Match State Changed from EnteringMap to WaitingToStart
[2017.03.04-21.05.14:837][311]LogGameState: Match State Changed from EnteringMap to WaitingToStart
[2017.03.04-21.05.14:837][311]LogGameMode:Display: Match State Changed from WaitingToStart to InProgress
[2017.03.04-21.05.14:849][311]LogGameState: Match State Changed from WaitingToStart to InProgress
[2017.03.04-21.05.14:849][311]PIE: Info Play in editor start time for /Temp/UEDPIE_0_Untitled_0 0.651
[2017.03.04-21.07.11:870][976]Cmd: MAP LOAD FILE="../../../Engine/Content/Maps/Templates/Template_Default.umap" TEMPLATE=1 SHOWPROGRESS=1 FEATURELEVEL=3
[2017.03.04-21.07.11:913][976]LightingResults: New page: Lighting Build
[2017.03.04-21.07.11:920][976]LogContentBrowser: Native class hierarchy updated for 'StatsViewer' in 0.0014 seconds. Added 5 classes and 0 folders.
[2017.03.04-21.07.11:921][976]LoadErrors: New page: Loading map: Template_Default.umap
[2017.03.04-21.07.11:922][976]MapCheck: New page: Map Check
[2017.03.04-21.07.11:922][976]LightingResults: New page: Lighting Build
[2017.03.04-21.07.12:839][976]LogAIModule: Creating AISystem for world Untitled_1
[2017.03.04-21.07.12:861][976]LogEditorServer: Finished looking for orphan Actors (0.000 secs)
[2017.03.04-21.07.12:892][976]Cmd: MAP CHECKDEP NOCLEARLOG
[2017.03.04-21.07.13:068][976]MapCheck: Info Map check complete: 0 Error(s), 0 Warning(s), took 176.103ms to complete.
[2017.03.04-21.07.13:069][976]LogFileHelpers: Loading map 'Template_Default' took 1.199
[2017.03.04-21.07.13:925][996]LogPlayLevel: PlayLevel: No blueprints needed recompiling
[2017.03.04-21.07.13:926][996]PIE: New page: PIE session: Untitled_1 (4 Mar 2017 21:07:13)
[2017.03.04-21.07.13:926][996]LogPlayLevel: Creating play world package: /Temp/UEDPIE_0_Untitled_1
[2017.03.04-21.07.13:932][996]LogPlayLevel: PIE: StaticDuplicateObject took: (0.006561s)
[2017.03.04-21.07.13:934][996]LogAIModule: Creating AISystem for world Untitled_1
[2017.03.04-21.07.13:935][996]LogPlayLevel: PIE: World Init took: (0.002135s)
[2017.03.04-21.07.13:935][996]LogPlayLevel: PIE: Created PIE world by copying editor world from /Temp/Untitled_1.Untitled_1 to /Temp/UEDPIE_0_Untitled_1.Untitled_1 (0.009340s)
[2017.03.04-21.07.13:998][996]LogInit: XAudio2 using 'Speakers (High Definition Audio Device)' : 2 channels at 44.1 kHz using 16 bits per sample (channel mask 0x3)
[2017.03.04-21.07.14:012][996]LogInit: FAudioDevice initialized.
[2017.03.04-21.07.14:078][996]LogLinker:Warning: Can't find file '/Game/ThirdPersonBP/Blueprints/ThirdPersonGameMode'
[2017.03.04-21.07.14:079][996]LogLinker:Warning: Can't find file '/Game/ThirdPersonBP/Blueprints/ThirdPersonGameMode'
[2017.03.04-21.07.14:079][996]LogUObjectGlobals:Warning: Failed to find object 'Class /Game/ThirdPersonBP/Blueprints/ThirdPersonGameMode.ThirdPersonGameMode_C'
[2017.03.04-21.07.14:079][996]LogWorld: Game class is 'GameMode'
[2017.03.04-21.07.14:083][996]LogWorld: Bringing World /Temp/UEDPIE_0_Untitled_1.Untitled_1 up for play (max tick rate 60) at 2017.03.04-21.07.14
[2017.03.04-21.07.14:084][996]LogWorld: Bringing up level for play took: 0.003790
[2017.03.04-21.07.14:087][996]LogGameMode:Display: Match State Changed from EnteringMap to WaitingToStart
[2017.03.04-21.07.14:087][996]LogGameState: Match State Changed from EnteringMap to WaitingToStart
[2017.03.04-21.07.14:087][996]LogGameMode:Display: Match State Changed from WaitingToStart to InProgress
[2017.03.04-21.07.14:089][996]LogGameState: Match State Changed from WaitingToStart to InProgress
[2017.03.04-21.07.14:089][996]PIE: Info Play in editor start time for /Temp/UEDPIE_0_Untitled_1 -0.108
[2017.03.04-21.07.33:618][454]LogLinker:Warning: Can't find file '/Game/ThirdPersonBP/Blueprints/ThirdPersonGameMode'
[2017.03.04-21.07.33:619][454]LogLinker:Warning: Can't find file '/Game/ThirdPersonBP/Blueprints/ThirdPersonGameMode'
[2017.03.04-21.07.33:620][454]LogUObjectGlobals:Warning: Failed to find object 'Class /Game/ThirdPersonBP/Blueprints/ThirdPersonGameMode.ThirdPersonGameMode_C'
[2017.03.04-21.07.33:659][455]LogLinker:Warning: Can't find file '/Game/ThirdPersonBP/Blueprints/ThirdPersonGameMode'
[2017.03.04-21.07.33:660][455]LogUObjectGlobals:Warning: Failed to find object 'Class /Game/ThirdPersonBP/Blueprints/ThirdPersonGameMode.ThirdPersonGameMode_C'
[2017.03.04-21.07.33:687][456]LogLinker:Warning: Can't find file '/Game/ThirdPersonBP/Blueprints/ThirdPersonGameMode'
[2017.03.04-21.07.33:688][456]LogUObjectGlobals:Warning: Failed to find object 'Class /Game/ThirdPersonBP/Blueprints/ThirdPersonGameMode.ThirdPersonGameMode_C'
[2017.03.04-21.07.33:730][457]LogLinker:Warning: Can't find file '/Game/ThirdPersonBP/Blueprints/ThirdPersonGameMode'
[2017.03.04-21.07.33:731][457]LogUObjectGlobals:Warning: Failed to find object 'Class /Game/ThirdPersonBP/Blueprints/ThirdPersonGameMode.ThirdPersonGameMode_C'
[2017.03.04-21.07.33:787][458]LogLinker:Warning: Can't find file '/Game/ThirdPersonBP/Blueprints/ThirdPersonGameMode'
[2017.03.04-21.07.33:787][458]LogUObjectGlobals:Warning: Failed to find object 'Class /Game/ThirdPersonBP/Blueprints/ThirdPersonGameMode.ThirdPersonGameMode_C'
[2017.03.04-21.07.33:846][459]LogLinker:Warning: Can't find file '/Game/ThirdPersonBP/Blueprints/ThirdPersonGameMode'
[2017.03.04-21.07.33:847][459]LogUObjectGlobals:Warning: Failed to find object 'Class /Game/ThirdPersonBP/Blueprints/ThirdPersonGameMode.ThirdPersonGameMode_C'
[2017.03.04-21.07.33:902][460]LogLinker:Warning: Can't find file '/Game/ThirdPersonBP/Blueprints/ThirdPersonGameMode'
[2017.03.04-21.07.33:903][460]LogUObjectGlobals:Warning: Failed to find object 'Class /Game/ThirdPersonBP/Blueprints/ThirdPersonGameMode.ThirdPersonGameMode_C'
[2017.03.04-21.07.33:962][461]LogLinker:Warning: Can't find file '/Game/ThirdPersonBP/Blueprints/ThirdPersonGameMode'
[2017.03.04-21.07.33:963][461]LogUObjectGlobals:Warning: Failed to find object 'Class /Game/ThirdPersonBP/Blueprints/ThirdPersonGameMode.ThirdPersonGameMode_C'
[2017.03.04-21.07.34:022][462]LogLinker:Warning: Can't find file '/Game/ThirdPersonBP/Blueprints/ThirdPersonGameMode'
[2017.03.04-21.07.34:022][462]LogUObjectGlobals:Warning: Failed to find object 'Class /Game/ThirdPersonBP/Blueprints/ThirdPersonGameMode.ThirdPersonGameMode_C'
[2017.03.04-21.07.34:082][463]LogLinker:Warning: Can't find file '/Game/ThirdPersonBP/Blueprints/ThirdPersonGameMode'
[2017.03.04-21.07.34:083][463]LogUObjectGlobals:Warning: Failed to find object 'Class /Game/ThirdPersonBP/Blueprints/ThirdPersonGameMode.ThirdPersonGameMode_C'
[2017.03.04-21.07.34:145][464]LogLinker:Warning: Can't find file '/Game/ThirdPersonBP/Blueprints/ThirdPersonGameMode'
[2017.03.04-21.07.34:146][464]LogUObjectGlobals:Warning: Failed to find object 'Class /Game/ThirdPersonBP/Blueprints/ThirdPersonGameMode.ThirdPersonGameMode_C'
[2017.03.04-21.07.34:203][465]LogLinker:Warning: Can't find file '/Game/ThirdPersonBP/Blueprints/ThirdPersonGameMode'
[2017.03.04-21.07.34:204][465]LogUObjectGlobals:Warning: Failed to find object 'Class /Game/ThirdPersonBP/Blueprints/ThirdPersonGameMode.ThirdPersonGameMode_C'
[2017.03.04-21.07.34:256][466]LogLinker:Warning: Can't find file '/Game/ThirdPersonBP/Blueprints/ThirdPersonGameMode'
[2017.03.04-21.07.34:257][466]LogUObjectGlobals:Warning: Failed to find object 'Class /Game/ThirdPersonBP/Blueprints/ThirdPersonGameMode.ThirdPersonGameMode_C'
[2017.03.04-21.07.34:258][466]LogLinker:Warning: Can't find file '/Game/ThirdPersonBP/Blueprints/ThirdPersonGameMode'
[2017.03.04-21.07.34:259][466]LogUObjectGlobals:Warning: Failed to find object 'Class /Game/ThirdPersonBP/Blueprints/ThirdPersonGameMode.ThirdPersonGameMode_C'
[2017.03.04-21.07.34:268][466]LogLinker:Warning: Can't find file '/Game/ThirdPersonBP/Blueprints/ThirdPersonGameMode'
[2017.03.04-21.07.34:268][466]LogUObjectGlobals:Warning: Failed to find object 'Class /Game/ThirdPersonBP/Blueprints/ThirdPersonGameMode.ThirdPersonGameMode_C'
[2017.03.04-21.07.34:277][466]LogLinker:Warning: Can't find file '/Game/ThirdPersonBP/Blueprints/ThirdPersonGameMode'
[2017.03.04-21.07.34:277][466]LogUObjectGlobals:Warning: Failed to find object 'Class /Game/ThirdPersonBP/Blueprints/ThirdPersonGameMode.ThirdPersonGameMode_C'
[2017.03.04-21.07.34:278][466]LogLinker:Warning: Can't find file '/Game/ThirdPersonBP/Blueprints/ThirdPersonGameMode'
[2017.03.04-21.07.34:278][466]LogUObjectGlobals:Warning: Failed to find object 'Class /Game/ThirdPersonBP/Blueprints/ThirdPersonGameMode.ThirdPersonGameMode_C'
[2017.03.04-21.07.34:316][467]LogLinker:Warning: Can't find file '/Game/ThirdPersonBP/Blueprints/ThirdPersonGameMode'
[2017.03.04-21.07.34:316][467]LogUObjectGlobals:Warning: Failed to find object 'Class /Game/ThirdPersonBP/Blueprints/ThirdPersonGameMode.ThirdPersonGameMode_C'
[2017.03.04-21.07.34:324][467]LogLinker:Warning: Can't find file '/Game/ThirdPersonBP/Blueprints/ThirdPersonGameMode'
[2017.03.04-21.07.34:324][467]LogUObjectGlobals:Warning: Failed to find object 'Class /Game/ThirdPersonBP/Blueprints/ThirdPersonGameMode.ThirdPersonGameMode_C'
[2017.03.04-21.07.34:326][467]LogLinker:Warning: Can't find file '/Game/ThirdPersonBP/Blueprints/ThirdPersonGameMode'
[2017.03.04-21.07.34:327][467]LogUObjectGlobals:Warning: Failed to find object 'Class /Game/ThirdPersonBP/Blueprints/ThirdPersonGameMode.ThirdPersonGameMode_C'
[2017.03.04-21.07.34:376][468]LogLinker:Warning: Can't find file '/Game/ThirdPersonBP/Blueprints/ThirdPersonGameMode'
[2017.03.04-21.07.34:376][468]LogUObjectGlobals:Warning: Failed to find object 'Class /Game/ThirdPersonBP/Blueprints/ThirdPersonGameMode.ThirdPersonGameMode_C'
[2017.03.04-21.07.34:384][468]LogLinker:Warning: Can't find file '/Game/ThirdPersonBP/Blueprints/ThirdPersonGameMode'
[2017.03.04-21.07.34:384][468]LogUObjectGlobals:Warning: Failed to find object 'Class /Game/ThirdPersonBP/Blueprints/ThirdPersonGameMode.ThirdPersonGameMode_C'
[2017.03.04-21.07.34:385][468]LogLinker:Warning: Can't find file '/Game/ThirdPersonBP/Blueprints/ThirdPersonGameMode'
[2017.03.04-21.07.34:386][468]LogUObjectGlobals:Warning: Failed to find object 'Class /Game/ThirdPersonBP/Blueprints/ThirdPersonGameMode.ThirdPersonGameMode_C'
[2017.03.04-21.07.34:432][469]LogLinker:Warning: Can't find file '/Game/ThirdPersonBP/Blueprints/ThirdPersonGameMode'
[2017.03.04-21.07.34:433][469]LogUObjectGlobals:Warning: Failed to find object 'Class /Game/ThirdPersonBP/Blueprints/ThirdPersonGameMode.ThirdPersonGameMode_C'
[2017.03.04-21.07.34:439][469]LogLinker:Warning: Can't find file '/Game/ThirdPersonBP/Blueprints/ThirdPersonGameMode'
[2017.03.04-21.07.34:440][469]LogUObjectGlobals:Warning: Failed to find object 'Class /Game/ThirdPersonBP/Blueprints/ThirdPersonGameMode.ThirdPersonGameMode_C'
[2017.03.04-21.07.34:449][469]LogLinker:Warning: Can't find file '/Game/ThirdPersonBP/Blueprints/ThirdPersonGameMode'
[2017.03.04-21.07.34:450][469]LogUObjectGlobals:Warning: Failed to find object 'Class /Game/ThirdPersonBP/Blueprints/ThirdPersonGameMode.ThirdPersonGameMode_C'
[2017.03.04-21.07.34:452][469]LogLinker:Warning: Can't find file '/Game/ThirdPersonBP/Blueprints/ThirdPersonGameMode'
[2017.03.04-21.07.34:452][469]LogUObjectGlobals:Warning: Failed to find object 'Class /Game/ThirdPersonBP/Blueprints/ThirdPersonGameMode.ThirdPersonGameMode_C'
[2017.03.04-21.07.34:495][470]LogLinker:Warning: Can't find file '/Game/ThirdPersonBP/Blueprints/ThirdPersonGameMode'
[2017.03.04-21.07.34:496][470]LogUObjectGlobals:Warning: Failed to find object 'Class /Game/ThirdPersonBP/Blueprints/ThirdPersonGameMode.ThirdPersonGameMode_C'
[2017.03.04-21.07.34:501][470]LogLinker:Warning: Can't find file '/Game/ThirdPersonBP/Blueprints/ThirdPersonGameMode'
[2017.03.04-21.07.34:502][470]LogUObjectGlobals:Warning: Failed to find object 'Class /Game/ThirdPersonBP/Blueprints/ThirdPersonGameMode.ThirdPersonGameMode_C'
[2017.03.04-21.07.34:511][470]LogLinker:Warning: Can't find file '/Game/ThirdPersonBP/Blueprints/ThirdPersonGameMode'
[2017.03.04-21.07.34:512][470]LogUObjectGlobals:Warning: Failed to find object 'Class /Game/ThirdPersonBP/Blueprints/ThirdPersonGameMode.ThirdPersonGameMode_C'
[2017.03.04-21.07.34:513][470]LogLinker:Warning: Can't find file '/Game/ThirdPersonBP/Blueprints/ThirdPersonGameMode'
[2017.03.04-21.07.34:513][470]LogUObjectGlobals:Warning: Failed to find object 'Class /Game/ThirdPersonBP/Blueprints/ThirdPersonGameMode.ThirdPersonGameMode_C'
[2017.03.04-21.07.34:550][471]LogLinker:Warning: Can't find file '/Game/ThirdPersonBP/Blueprints/ThirdPersonGameMode'
[2017.03.04-21.07.34:551][471]LogUObjectGlobals:Warning: Failed to find object 'Class /Game/ThirdPersonBP/Blueprints/ThirdPersonGameMode.ThirdPersonGameMode_C'
[2017.03.04-21.07.34:559][471]LogLinker:Warning: Can't find file '/Game/ThirdPersonBP/Blueprints/ThirdPersonGameMode'
[2017.03.04-21.07.34:559][471]LogUObjectGlobals:Warning: Failed to find object 'Class /Game/ThirdPersonBP/Blueprints/ThirdPersonGameMode.ThirdPersonGameMode_C'
[2017.03.04-21.07.34:562][471]LogLinker:Warning: Can't find file '/Game/ThirdPersonBP/Blueprints/ThirdPersonGameMode'
[2017.03.04-21.07.34:562][471]LogUObjectGlobals:Warning: Failed to find object 'Class /Game/ThirdPersonBP/Blueprints/ThirdPersonGameMode.ThirdPersonGameMode_C'
[2017.03.04-21.07.34:610][472]LogLinker:Warning: Can't find file '/Game/ThirdPersonBP/Blueprints/ThirdPersonGameMode'
[2017.03.04-21.07.34:610][472]LogUObjectGlobals:Warning: Failed to find object 'Class /Game/ThirdPersonBP/Blueprints/ThirdPersonGameMode.ThirdPersonGameMode_C'
[2017.03.04-21.07.34:613][472]LogLinker:Warning: Can't find file '/Game/ThirdPersonBP/Blueprints/ThirdPersonGameMode'
[2017.03.04-21.07.34:613][472]LogUObjectGlobals:Warning: Failed to find object 'Class /Game/ThirdPersonBP/Blueprints/ThirdPersonGameMode.ThirdPersonGameMode_C'
[2017.03.04-21.07.34:672][472]LogLinker:Warning: Can't find file '/Game/ThirdPersonBP/Blueprints/ThirdPersonGameMode'
[2017.03.04-21.07.34:672][472]LogUObjectGlobals:Warning: Failed to find object 'Class /Game/ThirdPersonBP/Blueprints/ThirdPersonGameMode.ThirdPersonGameMode_C'
[2017.03.04-21.07.34:674][472]LogLinker:Warning: Can't find file '/Game/ThirdPersonBP/Blueprints/ThirdPersonGameMode'
[2017.03.04-21.07.34:674][472]LogUObjectGlobals:Warning: Failed to find object 'Class /Game/ThirdPersonBP/Blueprints/ThirdPersonGameMode.ThirdPersonGameMode_C'
[2017.03.04-21.07.34:689][473]LogLinker:Warning: Can't find file '/Game/ThirdPersonBP/Blueprints/ThirdPersonGameMode'
[2017.03.04-21.07.34:690][473]LogUObjectGlobals:Warning: Failed to find object 'Class /Game/ThirdPersonBP/Blueprints/ThirdPersonGameMode.ThirdPersonGameMode_C'
[2017.03.04-21.07.34:692][473]LogLinker:Warning: Can't find file '/Game/ThirdPersonBP/Blueprints/ThirdPersonGameMode'
[2017.03.04-21.07.34:693][473]LogUObjectGlobals:Warning: Failed to find object 'Class /Game/ThirdPersonBP/Blueprints/ThirdPersonGameMode.ThirdPersonGameMode_C'
[2017.03.04-21.07.34:700][473]LogLinker:Warning: Can't find file '/Game/ThirdPersonBP/Blueprints/ThirdPersonGameMode'
[2017.03.04-21.07.34:701][473]LogUObjectGlobals:Warning: Failed to find object 'Class /Game/ThirdPersonBP/Blueprints/ThirdPersonGameMode.ThirdPersonGameMode_C'
[2017.03.04-21.07.34:702][473]LogLinker:Warning: Can't find file '/Game/ThirdPersonBP/Blueprints/ThirdPersonGameMode'
[2017.03.04-21.07.34:702][473]LogUObjectGlobals:Warning: Failed to find object 'Class /Game/ThirdPersonBP/Blueprints/ThirdPersonGameMode.ThirdPersonGameMode_C'
[2017.03.04-21.07.34:729][474]LogLinker:Warning: Can't find file '/Game/ThirdPersonBP/Blueprints/ThirdPersonGameMode'
[2017.03.04-21.07.34:729][474]LogUObjectGlobals:Warning: Failed to find object 'Class /Game/ThirdPersonBP/Blueprints/ThirdPersonGameMode.ThirdPersonGameMode_C'
[2017.03.04-21.07.34:732][474]LogLinker:Warning: Can't find file '/Game/ThirdPersonBP/Blueprints/ThirdPersonGameMode'
[2017.03.04-21.07.34:732][474]LogUObjectGlobals:Warning: Failed to find object 'Class /Game/ThirdPersonBP/Blueprints/ThirdPersonGameMode.ThirdPersonGameMode_C'
[2017.03.04-21.07.34:739][474]LogLinker:Warning: Can't find file '/Game/ThirdPersonBP/Blueprints/ThirdPersonGameMode'
[2017.03.04-21.07.34:740][474]LogUObjectGlobals:Warning: Failed to find object 'Class /Game/ThirdPersonBP/Blueprints/ThirdPersonGameMode.ThirdPersonGameMode_C'
[2017.03.04-21.07.34:741][474]LogLinker:Warning: Can't find file '/Game/ThirdPersonBP/Blueprints/ThirdPersonGameMode'
[2017.03.04-21.07.34:742][474]LogUObjectGlobals:Warning: Failed to find object 'Class /Game/ThirdPersonBP/Blueprints/ThirdPersonGameMode.ThirdPersonGameMode_C'
[2017.03.04-21.07.34:792][475]LogLinker:Warning: Can't find file '/Game/ThirdPersonBP/Blueprints/ThirdPersonGameMode'
[2017.03.04-21.07.34:793][475]LogUObjectGlobals:Warning: Failed to find object 'Class /Game/ThirdPersonBP/Blueprints/ThirdPersonGameMode.ThirdPersonGameMode_C'
[2017.03.04-21.07.34:800][475]LogLinker:Warning: Can't find file '/Game/ThirdPersonBP/Blueprints/ThirdPersonGameMode'
[2017.03.04-21.07.34:801][475]LogUObjectGlobals:Warning: Failed to find object 'Class /Game/ThirdPersonBP/Blueprints/ThirdPersonGameMode.ThirdPersonGameMode_C'
[2017.03.04-21.07.34:802][475]LogLinker:Warning: Can't find file '/Game/ThirdPersonBP/Blueprints/ThirdPersonGameMode'
[2017.03.04-21.07.34:803][475]LogUObjectGlobals:Warning: Failed to find object 'Class /Game/ThirdPersonBP/Blueprints/ThirdPersonGameMode.ThirdPersonGameMode_C'
[2017.03.04-21.07.34:850][476]LogLinker:Warning: Can't find file '/Game/ThirdPersonBP/Blueprints/ThirdPersonGameMode'
[2017.03.04-21.07.34:850][476]LogUObjectGlobals:Warning: Failed to find object 'Class /Game/ThirdPersonBP/Blueprints/ThirdPersonGameMode.ThirdPersonGameMode_C'
[2017.03.04-21.07.34:859][476]LogLinker:Warning: Can't find file '/Game/ThirdPersonBP/Blueprints/ThirdPersonGameMode'
[2017.03.04-21.07.34:859][476]LogUObjectGlobals:Warning: Failed to find object 'Class /Game/ThirdPersonBP/Blueprints/ThirdPersonGameMode.ThirdPersonGameMode_C'
[2017.03.04-21.07.34:862][476]LogLinker:Warning: Can't find file '/Game/ThirdPersonBP/Blueprints/ThirdPersonGameMode'
[2017.03.04-21.07.34:862][476]LogUObjectGlobals:Warning: Failed to find object 'Class /Game/ThirdPersonBP/Blueprints/ThirdPersonGameMode.ThirdPersonGameMode_C'
[2017.03.04-21.07.34:909][477]LogLinker:Warning: Can't find file '/Game/ThirdPersonBP/Blueprints/ThirdPersonGameMode'
[2017.03.04-21.07.34:910][477]LogUObjectGlobals:Warning: Failed to find object 'Class /Game/ThirdPersonBP/Blueprints/ThirdPersonGameMode.ThirdPersonGameMode_C'
[2017.03.04-21.07.34:916][477]LogLinker:Warning: Can't find file '/Game/ThirdPersonBP/Blueprints/ThirdPersonGameMode'
[2017.03.04-21.07.34:917][477]LogUObjectGlobals:Warning: Failed to find object 'Class /Game/ThirdPersonBP/Blueprints/ThirdPersonGameMode.ThirdPersonGameMode_C'
[2017.03.04-21.07.34:918][477]LogLinker:Warning: Can't find file '/Game/ThirdPersonBP/Blueprints/ThirdPersonGameMode'
[2017.03.04-21.07.34:919][477]LogUObjectGlobals:Warning: Failed to find object 'Class /Game/ThirdPersonBP/Blueprints/ThirdPersonGameMode.ThirdPersonGameMode_C'
[2017.03.04-21.07.35:128][478]LogLinker:Warning: Can't find file '/Game/ThirdPersonBP/Blueprints/ThirdPersonGameMode'
[2017.03.04-21.07.35:129][478]LogUObjectGlobals:Warning: Failed to find object 'Class /Game/ThirdPersonBP/Blueprints/ThirdPersonGameMode.ThirdPersonGameMode_C'
[2017.03.04-21.07.35:154][478]LogLinker:Warning: Can't find file '/Game/ThirdPersonBP/Blueprints/ThirdPersonGameMode'
[2017.03.04-21.07.35:154][478]LogUObjectGlobals:Warning: Failed to find object 'Class /Game/ThirdPersonBP/Blueprints/ThirdPersonGameMode.ThirdPersonGameMode_C'
[2017.03.04-21.07.35:202][479]LogLinker:Warning: Can't find file '/Game/ThirdPersonBP/Blueprints/ThirdPersonGameMode'
[2017.03.04-21.07.35:203][479]LogUObjectGlobals:Warning: Failed to find object 'Class /Game/ThirdPersonBP/Blueprints/ThirdPersonGameMode.ThirdPersonGameMode_C'
[2017.03.04-21.07.35:259][480]LogLinker:Warning: Can't find file '/Game/ThirdPersonBP/Blueprints/ThirdPersonGameMode'
[2017.03.04-21.07.35:259][480]LogUObjectGlobals:Warning: Failed to find object 'Class /Game/ThirdPersonBP/Blueprints/ThirdPersonGameMode.ThirdPersonGameMode_C'
[2017.03.04-21.07.35:284][481]LogLinker:Warning: Can't find file '/Game/ThirdPersonBP/Blueprints/ThirdPersonGameMode'
[2017.03.04-21.07.35:285][481]LogUObjectGlobals:Warning: Failed to find object 'Class /Game/ThirdPersonBP/Blueprints/ThirdPersonGameMode.ThirdPersonGameMode_C'
[2017.03.04-21.07.35:313][482]LogLinker:Warning: Can't find file '/Game/ThirdPersonBP/Blueprints/ThirdPersonGameMode'
[2017.03.04-21.07.35:313][482]LogUObjectGlobals:Warning: Failed to find object 'Class /Game/ThirdPersonBP/Blueprints/ThirdPersonGameMode.ThirdPersonGameMode_C'
[2017.03.04-21.07.35:314][482]LogLinker:Warning: Can't find file '/Game/ThirdPersonBP/Blueprints/ThirdPersonGameMode'
[2017.03.04-21.07.35:315][482]LogUObjectGlobals:Warning: Failed to find object 'Class /Game/ThirdPersonBP/Blueprints/ThirdPersonGameMode.ThirdPersonGameMode_C'
[2017.03.04-21.07.35:322][482]LogLinker:Warning: Can't find file '/Game/ThirdPersonBP/Blueprints/ThirdPersonGameMode'
[2017.03.04-21.07.35:322][482]LogUObjectGlobals:Warning: Failed to find object 'Class /Game/ThirdPersonBP/Blueprints/ThirdPersonGameMode.ThirdPersonGameMode_C'
[2017.03.04-21.07.35:327][482]LogLinker:Warning: Can't find file '/Game/ThirdPersonBP/Blueprints/ThirdPersonGameMode'
[2017.03.04-21.07.35:328][482]LogUObjectGlobals:Warning: Failed to find object 'Class /Game/ThirdPersonBP/Blueprints/ThirdPersonGameMode.ThirdPersonGameMode_C'
[2017.03.04-21.07.35:338][482]LogLinker:Warning: Can't find file '/Game/ThirdPersonBP/Blueprints/ThirdPersonGameMode'
[2017.03.04-21.07.35:338][482]LogUObjectGlobals:Warning: Failed to find object 'Class /Game/ThirdPersonBP/Blueprints/ThirdPersonGameMode.ThirdPersonGameMode_C'
[2017.03.04-21.07.35:340][482]LogLinker:Warning: Can't find file '/Game/ThirdPersonBP/Blueprints/ThirdPersonGameMode'
[2017.03.04-21.07.35:341][482]LogUObjectGlobals:Warning: Failed to find object 'Class /Game/ThirdPersonBP/Blueprints/ThirdPersonGameMode.ThirdPersonGameMode_C'
[2017.03.04-21.07.35:376][483]LogLinker:Warning: Can't find file '/Game/ThirdPersonBP/Blueprints/ThirdPersonGameMode'
[2017.03.04-21.07.35:376][483]LogUObjectGlobals:Warning: Failed to find object 'Class /Game/ThirdPersonBP/Blueprints/ThirdPersonGameMode.ThirdPersonGameMode_C'
[2017.03.04-21.07.35:381][483]LogLinker:Warning: Can't find file '/Game/ThirdPersonBP/Blueprints/ThirdPersonGameMode'
[2017.03.04-21.07.35:381][483]LogUObjectGlobals:Warning: Failed to find object 'Class /Game/ThirdPersonBP/Blueprints/ThirdPersonGameMode.ThirdPersonGameMode_C'
[2017.03.04-21.07.35:392][483]LogLinker:Warning: Can't find file '/Game/ThirdPersonBP/Blueprints/ThirdPersonGameMode'
[2017.03.04-21.07.35:393][483]LogUObjectGlobals:Warning: Failed to find object 'Class /Game/ThirdPersonBP/Blueprints/ThirdPersonGameMode.ThirdPersonGameMode_C'
[2017.03.04-21.07.35:395][483]LogLinker:Warning: Can't find file '/Game/ThirdPersonBP/Blueprints/ThirdPersonGameMode'
[2017.03.04-21.07.35:395][483]LogUObjectGlobals:Warning: Failed to find object 'Class /Game/ThirdPersonBP/Blueprints/ThirdPersonGameMode.ThirdPersonGameMode_C'
[2017.03.04-21.07.35:479][484]LogLinker:Warning: Can't find file '/Game/ThirdPersonBP/Blueprints/ThirdPersonGameMode'
[2017.03.04-21.07.35:480][484]LogUObjectGlobals:Warning: Failed to find object 'Class /Game/ThirdPersonBP/Blueprints/ThirdPersonGameMode.ThirdPersonGameMode_C'
[2017.03.04-21.07.35:489][484]LogLinker:Warning: Can't find file '/Game/ThirdPersonBP/Blueprints/ThirdPersonGameMode'
[2017.03.04-21.07.35:490][484]LogUObjectGlobals:Warning: Failed to find object 'Class /Game/ThirdPersonBP/Blueprints/ThirdPersonGameMode.ThirdPersonGameMode_C'
[2017.03.04-21.07.35:491][484]LogLinker:Warning: Can't find file '/Game/ThirdPersonBP/Blueprints/ThirdPersonGameMode'
[2017.03.04-21.07.35:492][484]LogUObjectGlobals:Warning: Failed to find object 'Class /Game/ThirdPersonBP/Blueprints/ThirdPersonGameMode.ThirdPersonGameMode_C'
[2017.03.04-21.07.35:536][485]LogLinker:Warning: Can't find file '/Game/ThirdPersonBP/Blueprints/ThirdPersonGameMode'
[2017.03.04-21.07.35:537][485]LogUObjectGlobals:Warning: Failed to find object 'Class /Game/ThirdPersonBP/Blueprints/ThirdPersonGameMode.ThirdPersonGameMode_C'
[2017.03.04-21.07.35:545][485]LogLinker:Warning: Can't find file '/Game/ThirdPersonBP/Blueprints/ThirdPersonGameMode'
[2017.03.04-21.07.35:546][485]LogUObjectGlobals:Warning: Failed to find object 'Class /Game/ThirdPersonBP/Blueprints/ThirdPersonGameMode.ThirdPersonGameMode_C'
[2017.03.04-21.07.35:548][485]LogLinker:Warning: Can't find file '/Game/ThirdPersonBP/Blueprints/ThirdPersonGameMode'
[2017.03.04-21.07.35:549][485]LogUObjectGlobals:Warning: Failed to find object 'Class /Game/ThirdPersonBP/Blueprints/ThirdPersonGameMode.ThirdPersonGameMode_C'
[2017.03.04-21.07.35:610][486]LogLinker:Warning: Can't find file '/Game/ThirdPersonBP/Blueprints/ThirdPersonGameMode'
[2017.03.04-21.07.35:611][486]LogUObjectGlobals:Warning: Failed to find object 'Class /Game/ThirdPersonBP/Blueprints/ThirdPersonGameMode.ThirdPersonGameMode_C'
[2017.03.04-21.07.35:685][487]LogLinker:Warning: Can't find file '/Game/ThirdPersonBP/Blueprints/ThirdPersonGameMode'
[2017.03.04-21.07.35:686][487]LogUObjectGlobals:Warning: Failed to find object 'Class /Game/ThirdPersonBP/Blueprints/ThirdPersonGameMode.ThirdPersonGameMode_C'
[2017.03.04-21.07.35:710][488]LogLinker:Warning: Can't find file '/Game/ThirdPersonBP/Blueprints/ThirdPersonGameMode'
[2017.03.04-21.07.35:711][488]LogUObjectGlobals:Warning: Failed to find object 'Class /Game/ThirdPersonBP/Blueprints/ThirdPersonGameMode.ThirdPersonGameMode_C'
[2017.03.04-21.07.35:758][489]LogLinker:Warning: Can't find file '/Game/ThirdPersonBP/Blueprints/ThirdPersonGameMode'
[2017.03.04-21.07.35:759][489]LogUObjectGlobals:Warning: Failed to find object 'Class /Game/ThirdPersonBP/Blueprints/ThirdPersonGameMode.ThirdPersonGameMode_C'
[2017.03.04-21.07.35:841][490]LogLinker:Warning: Can't find file '/Game/ThirdPersonBP/Blueprints/ThirdPersonGameMode'
[2017.03.04-21.07.35:842][490]LogUObjectGlobals:Warning: Failed to find object 'Class /Game/ThirdPersonBP/Blueprints/ThirdPersonGameMode.ThirdPersonGameMode_C'
[2017.03.04-21.07.35:914][491]LogLinker:Warning: Can't find file '/Game/ThirdPersonBP/Blueprints/ThirdPersonGameMode'
[2017.03.04-21.07.35:915][491]LogUObjectGlobals:Warning: Failed to find object 'Class /Game/ThirdPersonBP/Blueprints/ThirdPersonGameMode.ThirdPersonGameMode_C'
[2017.03.04-21.07.35:999][492]LogLinker:Warning: Can't find file '/Game/ThirdPersonBP/Blueprints/ThirdPersonGameMode'
[2017.03.04-21.07.36:000][492]LogUObjectGlobals:Warning: Failed to find object 'Class /Game/ThirdPersonBP/Blueprints/ThirdPersonGameMode.ThirdPersonGameMode_C'
[2017.03.04-21.07.36:143][493]LogLinker:Warning: Can't find file '/Game/ThirdPersonBP/Blueprints/ThirdPersonGameMode'
[2017.03.04-21.07.36:144][493]LogUObjectGlobals:Warning: Failed to find object 'Class /Game/ThirdPersonBP/Blueprints/ThirdPersonGameMode.ThirdPersonGameMode_C'
[2017.03.04-21.07.36:210][494]LogLinker:Warning: Can't find file '/Game/ThirdPersonBP/Blueprints/ThirdPersonGameMode'
[2017.03.04-21.07.36:210][494]LogUObjectGlobals:Warning: Failed to find object 'Class /Game/ThirdPersonBP/Blueprints/ThirdPersonGameMode.ThirdPersonGameMode_C'
[2017.03.04-21.07.36:285][495]LogLinker:Warning: Can't find file '/Game/ThirdPersonBP/Blueprints/ThirdPersonGameMode'
[2017.03.04-21.07.36:285][495]LogUObjectGlobals:Warning: Failed to find object 'Class /Game/ThirdPersonBP/Blueprints/ThirdPersonGameMode.ThirdPersonGameMode_C'
[2017.03.04-21.07.36:342][496]LogLinker:Warning: Can't find file '/Game/ThirdPersonBP/Blueprints/ThirdPersonGameMode'
[2017.03.04-21.07.36:343][496]LogUObjectGlobals:Warning: Failed to find object 'Class /Game/ThirdPersonBP/Blueprints/ThirdPersonGameMode.ThirdPersonGameMode_C'
[2017.03.04-21.07.36:402][497]LogLinker:Warning: Can't find file '/Game/ThirdPersonBP/Blueprints/ThirdPersonGameMode'
[2017.03.04-21.07.36:403][497]LogUObjectGlobals:Warning: Failed to find object 'Class /Game/ThirdPersonBP/Blueprints/ThirdPersonGameMode.ThirdPersonGameMode_C'
[2017.03.04-21.07.36:468][498]LogLinker:Warning: Can't find file '/Game/ThirdPersonBP/Blueprints/ThirdPersonGameMode'
[2017.03.04-21.07.36:469][498]LogUObjectGlobals:Warning: Failed to find object 'Class /Game/ThirdPersonBP/Blueprints/ThirdPersonGameMode.ThirdPersonGameMode_C'
[2017.03.04-21.07.36:524][499]LogLinker:Warning: Can't find file '/Game/ThirdPersonBP/Blueprints/ThirdPersonGameMode'
[2017.03.04-21.07.36:524][499]LogUObjectGlobals:Warning: Failed to find object 'Class /Game/ThirdPersonBP/Blueprints/ThirdPersonGameMode.ThirdPersonGameMode_C'
[2017.03.04-21.07.36:550][500]LogLinker:Warning: Can't find file '/Game/ThirdPersonBP/Blueprints/ThirdPersonGameMode'
[2017.03.04-21.07.36:550][500]LogUObjectGlobals:Warning: Failed to find object 'Class /Game/ThirdPersonBP/Blueprints/ThirdPersonGameMode.ThirdPersonGameMode_C'
[2017.03.04-21.07.36:592][501]LogLinker:Warning: Can't find file '/Game/ThirdPersonBP/Blueprints/ThirdPersonGameMode'
[2017.03.04-21.07.36:592][501]LogUObjectGlobals:Warning: Failed to find object 'Class /Game/ThirdPersonBP/Blueprints/ThirdPersonGameMode.ThirdPersonGameMode_C'
[2017.03.04-21.07.36:650][502]LogLinker:Warning: Can't find file '/Game/ThirdPersonBP/Blueprints/ThirdPersonGameMode'
[2017.03.04-21.07.36:650][502]LogUObjectGlobals:Warning: Failed to find object 'Class /Game/ThirdPersonBP/Blueprints/ThirdPersonGameMode.ThirdPersonGameMode_C'
[2017.03.04-21.07.36:767][503]LogLinker:Warning: Can't find file '/Game/ThirdPersonBP/Blueprints/ThirdPersonGameMode'
[2017.03.04-21.07.36:767][503]LogUObjectGlobals:Warning: Failed to find object 'Class /Game/ThirdPersonBP/Blueprints/ThirdPersonGameMode.ThirdPersonGameMode_C'
[2017.03.04-21.07.36:787][504]LogLinker:Warning: Can't find file '/Game/ThirdPersonBP/Blueprints/ThirdPersonGameMode'
[2017.03.04-21.07.36:788][504]LogUObjectGlobals:Warning: Failed to find object 'Class /Game/ThirdPersonBP/Blueprints/ThirdPersonGameMode.ThirdPersonGameMode_C'
[2017.03.04-21.07.36:834][505]LogLinker:Warning: Can't find file '/Game/ThirdPersonBP/Blueprints/ThirdPersonGameMode'
[2017.03.04-21.07.36:835][505]LogUObjectGlobals:Warning: Failed to find object 'Class /Game/ThirdPersonBP/Blueprints/ThirdPersonGameMode.ThirdPersonGameMode_C'
[2017.03.04-21.07.36:890][506]LogLinker:Warning: Can't find file '/Game/ThirdPersonBP/Blueprints/ThirdPersonGameMode'
[2017.03.04-21.07.36:891][506]LogUObjectGlobals:Warning: Failed to find object 'Class /Game/ThirdPersonBP/Blueprints/ThirdPersonGameMode.ThirdPersonGameMode_C'
[2017.03.04-21.07.36:995][507]LogLinker:Warning: Can't find file '/Game/ThirdPersonBP/Blueprints/ThirdPersonGameMode'
[2017.03.04-21.07.36:996][507]LogUObjectGlobals:Warning: Failed to find object 'Class /Game/ThirdPersonBP/Blueprints/ThirdPersonGameMode.ThirdPersonGameMode_C'
[2017.03.04-21.07.37:053][508]LogLinker:Warning: Can't find file '/Game/ThirdPersonBP/Blueprints/ThirdPersonGameMode'
[2017.03.04-21.07.37:053][508]LogUObjectGlobals:Warning: Failed to find object 'Class /Game/ThirdPersonBP/Blueprints/ThirdPersonGameMode.ThirdPersonGameMode_C'
[2017.03.04-21.07.37:119][509]LogLinker:Warning: Can't find file '/Game/ThirdPersonBP/Blueprints/ThirdPersonGameMode'
[2017.03.04-21.07.37:119][509]LogUObjectGlobals:Warning: Failed to find object 'Class /Game/ThirdPersonBP/Blueprints/ThirdPersonGameMode.ThirdPersonGameMode_C'
[2017.03.04-21.07.37:174][510]LogLinker:Warning: Can't find file '/Game/ThirdPersonBP/Blueprints/ThirdPersonGameMode'
[2017.03.04-21.07.37:174][510]LogUObjectGlobals:Warning: Failed to find object 'Class /Game/ThirdPersonBP/Blueprints/ThirdPersonGameMode.ThirdPersonGameMode_C'
[2017.03.04-21.07.37:235][511]LogLinker:Warning: Can't find file '/Game/ThirdPersonBP/Blueprints/ThirdPersonGameMode'
[2017.03.04-21.07.37:236][511]LogUObjectGlobals:Warning: Failed to find object 'Class /Game/ThirdPersonBP/Blueprints/ThirdPersonGameMode.ThirdPersonGameMode_C'
[2017.03.04-21.07.37:286][512]LogSlate:Warning: Prevented a slow task dialog from being summoned while a context menu was open
[2017.03.04-21.07.37:926][512]LogBlueprint:Warning: [Compiler ThirdPersonCharacter] Warning InputAction Event references unknown Action 'Interact' for  K2Node_InputAction_113
[2017.03.04-21.07.37:926][512]LogBlueprint:Warning: [Compiler ThirdPersonCharacter] Warning InputAction Event references unknown Action 'Sprint' for  K2Node_InputAction_84
[2017.03.04-21.07.37:927][512]LogBlueprint:Warning: [Compiler ThirdPersonCharacter] Warning InputAction Event references unknown Action 'FPCamToggle' for  K2Node_InputAction_14
[2017.03.04-21.07.37:966][512]LogBlueprint:Warning: [Compiler ThirdPersonCharacter] Warning [0228.69] Compile of ThirdPersonCharacter successful, but with 3 Warning(s) [in 67 ms] (/Game/Root/ThirdPersonBP/Blueprints/ThirdPersonCharacter.ThirdPersonCharacter)
[2017.03.04-21.07.37:967][512]LogBlueprint:Warning: [Compiler ThirdPersonCharacter] Warning [0228.69] Compile of ThirdPersonCharacter successful, but with 4 Warning(s) [in 0 ms] (/Game/Root/ThirdPersonBP/Blueprints/ThirdPersonCharacter.ThirdPersonCharacter)
[2017.03.04-21.07.37:967][512]LogBlueprint:Warning: [Compiler ThirdPersonCharacter] Warning [0228.69] Compile of ThirdPersonCharacter successful, but with 5 Warning(s) [in 0 ms] (/Game/Root/ThirdPersonBP/Blueprints/ThirdPersonCharacter.ThirdPersonCharacter)
[2017.03.04-21.07.38:005][512]LogBlueprint:Warning: [Compiler ThirdPersonCharacter] Warning InputAction Event references unknown Action 'Interact' for  K2Node_InputAction_113
[2017.03.04-21.07.38:005][512]LogBlueprint:Warning: [Compiler ThirdPersonCharacter] Warning InputAction Event references unknown Action 'Sprint' for  K2Node_InputAction_84
[2017.03.04-21.07.38:006][512]LogBlueprint:Warning: [Compiler ThirdPersonCharacter] Warning InputAction Event references unknown Action 'FPCamToggle' for  K2Node_InputAction_14
[2017.03.04-21.07.38:048][512]LogBlueprint:Warning: [Compiler ThirdPersonCharacter] Warning [0228.77] Compile of ThirdPersonCharacter successful, but with 3 Warning(s) [in 69 ms] (/Game/Root/ThirdPersonBP/Blueprints/ThirdPersonCharacter.ThirdPersonCharacter)
[2017.03.04-21.07.38:048][512]LogBlueprint:Warning: [Compiler ThirdPersonCharacter] Warning [0228.77] Compile of ThirdPersonCharacter successful, but with 4 Warning(s) [in 0 ms] (/Game/Root/ThirdPersonBP/Blueprints/ThirdPersonCharacter.ThirdPersonCharacter)
[2017.03.04-21.07.38:049][512]LogBlueprint:Warning: [Compiler ThirdPersonCharacter] Warning [0228.77] Compile of ThirdPersonCharacter successful, but with 5 Warning(s) [in 0 ms] (/Game/Root/ThirdPersonBP/Blueprints/ThirdPersonCharacter.ThirdPersonCharacter)
[2017.03.04-21.07.43:370][594]LogPlayLevel: PlayLevel: No blueprints needed recompiling
[2017.03.04-21.07.43:371][594]PIE: New page: PIE session: Untitled_1 (4 Mar 2017 21:07:43)
[2017.03.04-21.07.43:371][594]LogPlayLevel: Creating play world package: /Temp/UEDPIE_0_Untitled_1
[2017.03.04-21.07.43:381][594]LogPlayLevel: PIE: StaticDuplicateObject took: (0.010116s)
[2017.03.04-21.07.43:384][594]LogAIModule: Creating AISystem for world Untitled_1
[2017.03.04-21.07.43:385][594]LogPlayLevel: PIE: World Init took: (0.003916s)
[2017.03.04-21.07.43:386][594]LogPlayLevel: PIE: Created PIE world by copying editor world from /Temp/Untitled_1.Untitled_1 to /Temp/UEDPIE_0_Untitled_1.Untitled_1 (0.014944s)
[2017.03.04-21.07.43:497][594]LogInit: XAudio2 using 'Speakers (High Definition Audio Device)' : 2 channels at 44.1 kHz using 16 bits per sample (channel mask 0x3)
[2017.03.04-21.07.43:519][594]LogInit: FAudioDevice initialized.
[2017.03.04-21.07.43:568][594]LogWorld: Game class is 'ThirdPersonGameMode_C'
[2017.03.04-21.07.43:574][594]LogWorld: Bringing World /Temp/UEDPIE_0_Untitled_1.Untitled_1 up for play (max tick rate 60) at 2017.03.04-21.07.43
[2017.03.04-21.07.43:575][594]LogWorld: Bringing up level for play took: 0.005390
[2017.03.04-21.07.43:583][594]LogGameMode:Display: Match State Changed from EnteringMap to WaitingToStart
[2017.03.04-21.07.43:583][594]LogGameState: Match State Changed from EnteringMap to WaitingToStart
[2017.03.04-21.07.43:583][594]LogGameMode:Display: Match State Changed from WaitingToStart to InProgress
[2017.03.04-21.07.43:600][594]LogGameState: Match State Changed from WaitingToStart to InProgress
[2017.03.04-21.07.43:600][594]PIE: Info Play in editor start time for /Temp/UEDPIE_0_Untitled_1 -0.598
[2017.03.04-21.09.30:529][167]LogPlayLevel: PlayLevel: No blueprints needed recompiling
[2017.03.04-21.09.30:530][167]PIE: New page: PIE session: Untitled_1 (4 Mar 2017 21:09:30)
[2017.03.04-21.09.30:530][167]LogPlayLevel: Creating play world package: /Temp/UEDPIE_0_Untitled_1
[2017.03.04-21.09.30:536][167]LogPlayLevel: PIE: StaticDuplicateObject took: (0.005933s)
[2017.03.04-21.09.30:537][167]LogAIModule: Creating AISystem for world Untitled_1
[2017.03.04-21.09.30:538][167]LogPlayLevel: PIE: World Init took: (0.001923s)
[2017.03.04-21.09.30:538][167]LogPlayLevel: PIE: Created PIE world by copying editor world from /Temp/Untitled_1.Untitled_1 to /Temp/UEDPIE_0_Untitled_1.Untitled_1 (0.008532s)
[2017.03.04-21.09.30:596][167]LogInit: XAudio2 using 'Speakers (High Definition Audio Device)' : 2 channels at 44.1 kHz using 16 bits per sample (channel mask 0x3)
[2017.03.04-21.09.30:607][167]LogInit: FAudioDevice initialized.
[2017.03.04-21.09.30:649][167]LogWorld: Game class is 'ThirdPersonGameMode_C'
[2017.03.04-21.09.30:654][167]LogWorld: Bringing World /Temp/UEDPIE_0_Untitled_1.Untitled_1 up for play (max tick rate 60) at 2017.03.04-21.09.30
[2017.03.04-21.09.30:655][167]LogWorld: Bringing up level for play took: 0.004455
[2017.03.04-21.09.30:657][167]LogGameMode:Display: Match State Changed from EnteringMap to WaitingToStart
[2017.03.04-21.09.30:657][167]LogGameState: Match State Changed from EnteringMap to WaitingToStart
[2017.03.04-21.09.30:657][167]LogGameMode:Display: Match State Changed from WaitingToStart to InProgress
[2017.03.04-21.09.30:663][167]LogGameState: Match State Changed from WaitingToStart to InProgress
[2017.03.04-21.09.30:663][167]PIE: Info Play in editor start time for /Temp/UEDPIE_0_Untitled_1 0.466
[2017.03.04-21.09.55:726][716]LogWindowsTextInputMethodSystem:Display: IME system now deactivated.
[2017.03.04-21.09.56:185][717]Cmd: QUIT_EDITOR
[2017.03.04-21.09.57:247][717]LogExit: Preparing to exit.
[2017.03.04-21.09.58:447][717]LogDirectoryWatcher: A directory notification for 'C:/Users/Muhammad/Documents/Unreal Projects/MyProject/Content/' was aborted.
[2017.03.04-21.09.58:520][717]LogExit: Editor shut down
[2017.03.04-21.09.58:521][717]LogExit: Transaction tracking system shut down
[2017.03.04-21.09.59:293][717]LogObj: Freed 0b from 0 cluster array pools.
[2017.03.04-21.09.59:294][717]LogExit: Object subsystem successfully closed.
[2017.03.04-21.09.59:347][717]LogD3D11RHI: Shutdown
[2017.03.04-21.09.59:347][717]LogD3D11RHI: CleanupD3DDevice
[2017.03.04-21.09.59:464][717]LogD3D11RHI: ~FD3D11DynamicRHI
[2017.03.04-21.09.59:530][717]LogModuleManager: Shutting down and abandoning module ExternalImagePicker (238)
[2017.03.04-21.09.59:530][717]LogModuleManager: Shutting down and abandoning module StatsViewer (237)
[2017.03.04-21.09.59:530][717]LogModuleManager: Shutting down and abandoning module NewLevelDialog (236)
[2017.03.04-21.09.59:530][717]LogModuleManager: Shutting down and abandoning module MovieSceneCapture (235)
[2017.03.04-21.09.59:530][717]LogModuleManager: Shutting down and abandoning module HierarchicalLODOutliner (234)
[2017.03.04-21.09.59:531][717]LogModuleManager: Shutting down and abandoning module CrashTracker (233)
[2017.03.04-21.09.59:531][717]LogModuleManager: Shutting down and abandoning module SceneOutliner (232)
[2017.03.04-21.09.59:531][717]LogModuleManager: Shutting down and abandoning module WidgetCarousel (231)
[2017.03.04-21.09.59:531][717]LogModuleManager: Shutting down and abandoning module AddContentDialog (230)
[2017.03.04-21.09.59:531][717]LogDirectoryWatcher: A directory notification for 'C:/Program Files/Epic Games/UE_4.13/FeaturePacks/' was aborted.
[2017.03.04-21.09.59:535][717]LogModuleManager: Shutting down and abandoning module GameplayTags (229)
[2017.03.04-21.09.59:535][717]LogModuleManager: Shutting down and abandoning module EditorWidgets (228)
[2017.03.04-21.09.59:535][717]LogModuleManager: Shutting down and abandoning module CollectionManager (227)
[2017.03.04-21.09.59:536][717]LogDirectoryWatcher: A directory notification for 'C:/Users/Muhammad/Documents/Unreal Projects/MyProject/Content/Collections/' was aborted.
[2017.03.04-21.09.59:536][717]LogDirectoryWatcher: A directory notification for 'C:/Users/Muhammad/Documents/Unreal Projects/MyProject/Content/Developers/Muhammad/Collections/' was aborted.
[2017.03.04-21.09.59:536][717]LogDirectoryWatcher: A directory notification for 'C:/Users/Muhammad/Documents/Unreal Projects/MyProject/Saved/Collections/' was aborted.
[2017.03.04-21.09.59:536][717]LogModuleManager: Shutting down and abandoning module FoliageEdit (226)
[2017.03.04-21.09.59:536][717]LogModuleManager: Shutting down and abandoning module LandscapeEditor (225)
[2017.03.04-21.09.59:538][717]LogModuleManager: Shutting down and abandoning module SceneDepthPickerMode (224)
[2017.03.04-21.09.59:538][717]LogModuleManager: Shutting down and abandoning module ActorPickerMode (223)
[2017.03.04-21.09.59:538][717]LogModuleManager: Shutting down and abandoning module GeometryMode (222)
[2017.03.04-21.09.59:538][717]LogModuleManager: Shutting down and abandoning module TextureAlignMode (221)
[2017.03.04-21.09.59:538][717]LogModuleManager: Shutting down and abandoning module BspMode (220)
[2017.03.04-21.09.59:538][717]LogModuleManager: Shutting down and abandoning module HardwareSurvey (219)
[2017.03.04-21.09.59:538][717]LogModuleManager: Shutting down and abandoning module SequenceRecorderSections (218)
[2017.03.04-21.09.59:538][717]LogModuleManager: Shutting down and abandoning module SequenceRecorder (217)
[2017.03.04-21.09.59:539][717]LogModuleManager: Shutting down and abandoning module AutomationWorker (216)
[2017.03.04-21.09.59:539][717]LogModuleManager: Shutting down and abandoning module MatineeToLevelSequence (215)
[2017.03.04-21.09.59:539][717]LogModuleManager: Shutting down and abandoning module PlacementMode (214)
[2017.03.04-21.09.59:540][717]LogModuleManager: Shutting down and abandoning module LevelSequenceEditor (213)
[2017.03.04-21.09.59:544][717]LogModuleManager: Shutting down and abandoning module WmfMediaFactory (212)
[2017.03.04-21.09.59:544][717]LogModuleManager: Shutting down and abandoning module WmfMediaEditor (211)
[2017.03.04-21.09.59:544][717]LogModuleManager: Shutting down and abandoning module AvfMediaFactory (210)
[2017.03.04-21.09.59:544][717]LogModuleManager: Shutting down and abandoning module AvfMediaEditor (209)
[2017.03.04-21.09.59:544][717]LogModuleManager: Shutting down and abandoning module Media (208)
[2017.03.04-21.09.59:544][717]LogModuleManager: Shutting down and abandoning module AndroidMediaFactory (207)
[2017.03.04-21.09.59:544][717]LogModuleManager: Shutting down and abandoning module AndroidMediaEditor (206)
[2017.03.04-21.09.59:544][717]LogModuleManager: Shutting down and abandoning module CharacterAI (205)
[2017.03.04-21.09.59:544][717]LogModuleManager: Shutting down and abandoning module SmartSnapping (204)
[2017.03.04-21.09.59:544][717]LogModuleManager: Shutting down and abandoning module SessionServices (203)
[2017.03.04-21.09.59:544][717]LogModuleManager: Shutting down and abandoning module ViewportSnapping (202)
[2017.03.04-21.09.59:544][717]LogModuleManager: Shutting down and abandoning module ViewportInteraction (201)
[2017.03.04-21.09.59:544][717]LogModuleManager: Shutting down and abandoning module LogVisualizer (200)
[2017.03.04-21.09.59:545][717]LogModuleManager: Shutting down and abandoning module GameProjectGeneration (199)
[2017.03.04-21.09.59:545][717]LogModuleManager: Shutting down and abandoning module IntroTutorials (198)
[2017.03.04-21.09.59:546][717]LogModuleManager: Shutting down and abandoning module EditorLiveStreaming (197)
[2017.03.04-21.09.59:546][717]LogModuleManager: Shutting down and abandoning module IOSPlatformEditor (196)
[2017.03.04-21.09.59:547][717]LogModuleManager: Shutting down and abandoning module HTML5PlatformEditor (195)
[2017.03.04-21.09.59:547][717]LogModuleManager: Shutting down and abandoning module AndroidDeviceDetection (194)
[2017.03.04-21.10.00:472][717]LogModuleManager: Shutting down and abandoning module AndroidPlatformEditor (193)
[2017.03.04-21.10.00:472][717]LogModuleManager: Shutting down and abandoning module IOSRuntimeSettings (192)
[2017.03.04-21.10.00:473][717]LogModuleManager: Shutting down and abandoning module AndroidRuntimeSettings (191)
[2017.03.04-21.10.00:473][717]LogModuleManager: Shutting down and abandoning module NiagaraEditor (190)
[2017.03.04-21.10.00:474][717]LogModuleManager: Shutting down and abandoning module MergeActors (189)
[2017.03.04-21.10.00:474][717]LogModuleManager: Shutting down and abandoning module SizeMap (188)
[2017.03.04-21.10.00:474][717]LogModuleManager: Shutting down and abandoning module TreeMap (187)
[2017.03.04-21.10.00:474][717]LogModuleManager: Shutting down and abandoning module ReferenceViewer (186)
[2017.03.04-21.10.00:474][717]LogModuleManager: Shutting down and abandoning module LocalizationService (185)
[2017.03.04-21.10.00:475][717]LogModuleManager: Shutting down and abandoning module LocalizationDashboard (184)
[2017.03.04-21.10.00:476][717]LogModuleManager: Shutting down and abandoning module HardwareTargeting (183)
[2017.03.04-21.10.00:476][717]LogModuleManager: Shutting down and abandoning module DeviceProfileEditor (182)
[2017.03.04-21.10.00:476][717]LogModuleManager: Shutting down and abandoning module UndoHistory (181)
[2017.03.04-21.10.00:476][717]LogModuleManager: Shutting down and abandoning module UserFeedback (180)
[2017.03.04-21.10.00:476][717]LogModuleManager: Shutting down and abandoning module XmlParser (179)
[2017.03.04-21.10.00:476][717]LogModuleManager: Shutting down and abandoning module Blutility (178)
[2017.03.04-21.10.00:476][717]LogModuleManager: Shutting down and abandoning module ProjectTargetPlatformEditor (177)
[2017.03.04-21.10.00:477][717]LogModuleManager: Shutting down and abandoning module ProjectSettingsViewer (176)
[2017.03.04-21.10.00:477][717]LogModuleManager: Shutting down and abandoning module InputBindingEditor (175)
[2017.03.04-21.10.00:477][717]LogModuleManager: Shutting down and abandoning module EditorSettingsViewer (174)
[2017.03.04-21.10.00:477][717]LogModuleManager: Shutting down and abandoning module SettingsEditor (173)
[2017.03.04-21.10.00:477][717]LogModuleManager: Shutting down and abandoning module ProjectLauncher (172)
[2017.03.04-21.10.00:477][717]LogModuleManager: Shutting down and abandoning module SessionFrontend (171)
[2017.03.04-21.10.00:478][717]LogModuleManager: Shutting down and abandoning module ProfilerClient (170)
[2017.03.04-21.10.00:478][717]LogModuleManager: Shutting down and abandoning module TargetDeviceServices (169)
[2017.03.04-21.10.00:478][717]LogModuleManager: Shutting down and abandoning module DeviceManager (168)
[2017.03.04-21.10.00:530][717]LogModuleManager: Shutting down and abandoning module AutomationController (167)
[2017.03.04-21.10.00:531][717]LogModuleManager: Shutting down and abandoning module AutomationWindow (166)
[2017.03.04-21.10.00:531][717]LogModuleManager: Shutting down and abandoning module Layers (165)
[2017.03.04-21.10.00:532][717]LogModuleManager: Shutting down and abandoning module ComponentVisualizers (164)
[2017.03.04-21.10.00:532][717]LogModuleManager: Shutting down and abandoning module DetailCustomizations (163)
[2017.03.04-21.10.00:532][717]LogModuleManager: Shutting down and abandoning module PackagesDialog (162)
[2017.03.04-21.10.00:533][717]LogModuleManager: Shutting down and abandoning module AnimGraph (161)
[2017.03.04-21.10.00:533][717]LogModuleManager: Shutting down and abandoning module Persona (160)
[2017.03.04-21.10.00:533][717]LogModuleManager: Shutting down and abandoning module Kismet (159)
[2017.03.04-21.10.00:535][717]LogModuleManager: Shutting down and abandoning module GraphEditor (158)
[2017.03.04-21.10.00:536][717]LogModuleManager: Shutting down and abandoning module ClassViewer (157)
[2017.03.04-21.10.00:539][717]LogModuleManager: Shutting down and abandoning module Toolbox (156)
[2017.03.04-21.10.00:539][717]LogModuleManager: Shutting down and abandoning module ModuleUI (155)
[2017.03.04-21.10.00:539][717]LogModuleManager: Shutting down and abandoning module MovieSceneTools (154)
[2017.03.04-21.10.00:539][717]LogModuleManager: Shutting down and abandoning module OutputLog (153)
[2017.03.04-21.10.00:539][717]LogModuleManager: Shutting down and abandoning module GammaUI (152)
[2017.03.04-21.10.00:539][717]LogModuleManager: Shutting down and abandoning module Documentation (151)
[2017.03.04-21.10.00:539][717]LogModuleManager: Shutting down and abandoning module Niagara (150)
[2017.03.04-21.10.00:539][717]LogModuleManager: Shutting down and abandoning module StreamingPauseRendering (149)
[2017.03.04-21.10.00:539][717]LogModuleManager: Shutting down and abandoning module AnalyticsET (148)
[2017.03.04-21.10.00:539][717]LogModuleManager: Shutting down and abandoning module PortalServices (147)
[2017.03.04-21.10.00:539][717]LogModuleManager: Shutting down and abandoning module PortalRpc (146)
[2017.03.04-21.10.00:539][717]LogModuleManager: Shutting down and abandoning module MessagingRpc (145)
[2017.03.04-21.10.00:540][717]LogModuleManager: Shutting down and abandoning module GameplayDebugger (144)
[2017.03.04-21.10.00:540][717]LogModuleManager: Shutting down and abandoning module AITestSuite (143)
[2017.03.04-21.10.00:540][717]LogModuleManager: Shutting down and abandoning module AIModule (142)
[2017.03.04-21.10.00:541][717]LogModuleManager: Shutting down and abandoning module ProfilerService (141)
[2017.03.04-21.10.00:728][717]LogModuleManager: Shutting down and abandoning module TaskGraph (140)
[2017.03.04-21.10.00:728][717]LogModuleManager: Shutting down and abandoning module SubstanceEditor (139)
[2017.03.04-21.10.00:729][717]LogModuleManager: Shutting down and abandoning module SlateRemote (138)
[2017.03.04-21.10.00:729][717]LogModuleManager: Shutting down and abandoning module SteamVRController (137)
[2017.03.04-21.10.00:729][717]LogModuleManager: Shutting down and abandoning module SteamVR (136)
[2017.03.04-21.10.00:729][717]LogModuleManager: Shutting down and abandoning module ProceduralMeshComponentEditor (135)
[2017.03.04-21.10.00:729][717]LogModuleManager: Shutting down and abandoning module ProceduralMeshComponent (134)
[2017.03.04-21.10.00:729][717]LogModuleManager: Shutting down and abandoning module OculusLibrary (133)
[2017.03.04-21.10.00:729][717]LogModuleManager: Shutting down and abandoning module OculusInput (132)
[2017.03.04-21.10.00:730][717]LogModuleManager: Shutting down and abandoning module CustomMeshComponent (131)
[2017.03.04-21.10.00:730][717]LogModuleManager: Shutting down and abandoning module CableComponent (130)
[2017.03.04-21.10.00:730][717]LogModuleManager: Shutting down and abandoning module ArchVisCharacter (129)
[2017.03.04-21.10.00:730][717]LogModuleManager: Shutting down and abandoning module MediaPlayerEditor (127)
[2017.03.04-21.10.00:731][717]LogModuleManager: Shutting down and abandoning module HTML5Networking (126)
[2017.03.04-21.10.00:731][717]LogModuleManager: Shutting down and abandoning module GeometryCacheEd (125)
[2017.03.04-21.10.00:731][717]LogModuleManager: Shutting down and abandoning module GeometryCache (124)
[2017.03.04-21.10.00:731][717]LogModuleManager: Shutting down and abandoning module AlembicLibrary (123)
[2017.03.04-21.10.00:731][717]LogModuleManager: Shutting down and abandoning module AlembicImporter (122)
[2017.03.04-21.10.00:731][717]LogModuleManager: Shutting down and abandoning module SuperSearch (121)
[2017.03.04-21.10.00:731][717]LogModuleManager: Shutting down and abandoning module SuperSearchEditor (120)
[2017.03.04-21.10.00:731][717]LogModuleManager: Shutting down and abandoning module SpeedTreeImporter (119)
[2017.03.04-21.10.00:731][717]LogModuleManager: Shutting down and abandoning module PluginBrowser (118)
[2017.03.04-21.10.00:732][717]LogModuleManager: Shutting down and abandoning module MobileLauncherProfileWizard (117)
[2017.03.04-21.10.00:733][717]LogModuleManager: Shutting down and abandoning module EpicSurvey (116)
[2017.03.04-21.10.00:734][717]LogModuleManager: Shutting down and abandoning module DesktopPlatform (115)
[2017.03.04-21.10.00:734][717]LogModuleManager: Shutting down and abandoning module VisualStudioSourceCodeAccess (114)
[2017.03.04-21.10.00:734][717]LogModuleManager: Shutting down and abandoning module UObjectPlugin (113)
[2017.03.04-21.10.00:734][717]LogModuleManager: Shutting down and abandoning module SubversionSourceControl (112)
[2017.03.04-21.10.00:735][717]LogModuleManager: Shutting down and abandoning module PerforceSourceControl (111)
[2017.03.04-21.10.00:736][717]LogModuleManager: Shutting down and abandoning module SourceControl (110)
[2017.03.04-21.10.00:736][717]LogModuleManager: Shutting down and abandoning module GitSourceControl (109)
[2017.03.04-21.10.00:737][717]LogModuleManager: Shutting down and abandoning module LightPropagationVolumeEditor (108)
[2017.03.04-21.10.00:737][717]LogModuleManager: Shutting down and abandoning module PaperTiledImporter (107)
[2017.03.04-21.10.00:737][717]LogModuleManager: Shutting down and abandoning module PaperSpriteSheetImporter (106)
[2017.03.04-21.10.00:737][717]LogModuleManager: Shutting down and abandoning module MeshPaint (105)
[2017.03.04-21.10.00:738][717]LogModuleManager: Shutting down and abandoning module FbxAutomationBuilderModule (104)
[2017.03.04-21.10.00:738][717]LogModuleManager: Shutting down and abandoning module PixelInspectorModule (103)
[2017.03.04-21.10.00:739][717]LogModuleManager: Shutting down and abandoning module HotReload (102)
[2017.03.04-21.10.00:753][717]LogModuleManager: Shutting down and abandoning module MainFrame (101)
[2017.03.04-21.10.00:753][717]LogModuleManager: Shutting down and abandoning module LevelEditor (100)
[2017.03.04-21.10.00:757][717]LogModuleManager: Shutting down and abandoning module ContentBrowser (99)
[2017.03.04-21.10.00:759][717]LogModuleManager: Shutting down and abandoning module Paper2DEditor (98)
[2017.03.04-21.10.00:760][717]LogModuleManager: Shutting down and abandoning module UdpMessaging (97)
[2017.03.04-21.10.00:861][717]LogModuleManager: Shutting down and abandoning module TcpMessaging (96)
[2017.03.04-21.10.00:966][717]LogModuleManager: Shutting down and abandoning module SubstanceCore (95)
[2017.03.04-21.10.00:970][717]LogModuleManager: Shutting down and abandoning module LightPropagationVolumeRuntime (94)
[2017.03.04-21.10.00:971][717]LogModuleManager: Shutting down and abandoning module Paper2D (93)
[2017.03.04-21.10.00:972][717]LogModuleManager: Shutting down and abandoning module WindowsMoviePlayer (92)
[2017.03.04-21.10.00:972][717]LogModuleManager: Shutting down and abandoning module WmfMedia (91)
[2017.03.04-21.10.00:972][717]LogModuleManager: Shutting down and abandoning module MediaAssets (90)
[2017.03.04-21.10.00:972][717]LogModuleManager: Shutting down and abandoning module GameLiveStreaming (89)
[2017.03.04-21.10.00:973][717]LogModuleManager: Shutting down and abandoning module GameplayTagsEditor (88)
[2017.03.04-21.10.00:973][717]LogModuleManager: Shutting down and abandoning module VREditor (87)
[2017.03.04-21.10.00:973][717]LogModuleManager: Shutting down and abandoning module GameplayTasksEditor (86)
[2017.03.04-21.10.00:973][717]LogModuleManager: Shutting down and abandoning module PropertyEditor (85)
[2017.03.04-21.10.00:973][717]LogModuleManager: Shutting down and abandoning module BehaviorTreeEditor (84)
[2017.03.04-21.10.00:974][717]LogModuleManager: Shutting down and abandoning module FunctionalTesting (83)
[2017.03.04-21.10.00:975][717]LogModuleManager: Shutting down and abandoning module CollisionAnalyzer (82)
[2017.03.04-21.10.00:975][717]LogModuleManager: Shutting down and abandoning module Sequencer (81)
[2017.03.04-21.10.00:977][717]LogModuleManager: Shutting down and abandoning module WorkspaceMenuStructure (80)
[2017.03.04-21.10.00:977][717]LogModuleManager: Shutting down and abandoning module MessageLog (79)
[2017.03.04-21.10.00:977][717]LogModuleManager: Shutting down and abandoning module AssetTools (78)
[2017.03.04-21.10.00:980][717]LogModuleManager: Shutting down and abandoning module UMGEditor (77)
[2017.03.04-21.10.00:982][717]LogModuleManager: Shutting down and abandoning module UMG (76)
[2017.03.04-21.10.00:982][717]LogModuleManager: Shutting down and abandoning module SlateReflector (75)
[2017.03.04-21.10.00:997][717]LogModuleManager: Shutting down and abandoning module Slate (74)
[2017.03.04-21.10.00:997][717]LogModuleManager: Shutting down and abandoning module EditorStyle (73)
[2017.03.04-21.10.01:005][717]LogModuleManager: Shutting down and abandoning module SourceCodeAccess (72)
[2017.03.04-21.10.01:012][717]LogModuleManager: Shutting down and abandoning module HeadMountedDisplay (71)
[2017.03.04-21.10.01:012][717]LogModuleManager: Shutting down and abandoning module XAudio2 (70)
[2017.03.04-21.10.01:012][717]LogModuleManager: Shutting down and abandoning module Networking (68)
[2017.03.04-21.10.01:012][717]LogModuleManager: Shutting down and abandoning module Core (67)
[2017.03.04-21.10.01:012][717]LogModuleManager: Shutting down and abandoning module DirectoryWatcher (66)
[2017.03.04-21.10.01:012][717]LogDirectoryWatcher: A directory notification for '../../../Engine/Content/' was aborted.
[2017.03.04-21.10.01:013][717]LogDirectoryWatcher: A directory notification for '../../../../../../Users/Muhammad/Documents/Unreal Projects/MyProject/Content/' was aborted.
[2017.03.04-21.10.01:013][717]LogDirectoryWatcher: A directory notification for '../../../Engine/Plugins/2D/Paper2D/Content/' was aborted.
[2017.03.04-21.10.01:014][717]LogModuleManager: Shutting down and abandoning module AssetRegistry (65)
[2017.03.04-21.10.01:233][717]LogModuleManager: Shutting down and abandoning module KismetCompiler (64)
[2017.03.04-21.10.01:233][717]LogModuleManager: Shutting down and abandoning module PhysXFormats (63)
[2017.03.04-21.10.01:233][717]LogModuleManager: Shutting down and abandoning module MeshUtilities (62)
[2017.03.04-21.10.01:233][717]LogModuleManager: Shutting down and abandoning module DerivedDataCache (61)
[2017.03.04-21.10.01:268][717]LogDerivedDataCache: Shutdown
[2017.03.04-21.10.01:268][717]LogModuleManager: Shutting down and abandoning module VulkanShaderFormat (60)
[2017.03.04-21.10.01:268][717]LogModuleManager: Shutting down and abandoning module ShaderFormatOpenGL (59)
[2017.03.04-21.10.01:268][717]LogModuleManager: Shutting down and abandoning module ShaderFormatD3D (58)
[2017.03.04-21.10.01:269][717]LogModuleManager: Shutting down and abandoning module MetalShaderFormat (57)
[2017.03.04-21.10.01:269][717]LogModuleManager: Shutting down and abandoning module TextureFormatUncompressed (56)
[2017.03.04-21.10.01:269][717]LogModuleManager: Shutting down and abandoning module TextureFormatPVR (55)
[2017.03.04-21.10.01:269][717]LogModuleManager: Shutting down and abandoning module TextureFormatDXT (54)
[2017.03.04-21.10.01:269][717]LogModuleManager: Shutting down and abandoning module TextureFormatIntelISPCTexComp (53)
[2017.03.04-21.10.01:269][717]LogModuleManager: Shutting down and abandoning module ImageWrapper (52)
[2017.03.04-21.10.01:269][717]LogModuleManager: Shutting down and abandoning module TextureFormatASTC (51)
[2017.03.04-21.10.01:269][717]LogModuleManager: Shutting down and abandoning module TextureFormatAndroid (50)
[2017.03.04-21.10.01:269][717]LogModuleManager: Shutting down and abandoning module AudioFormatOpus (49)
[2017.03.04-21.10.01:269][717]LogModuleManager: Shutting down and abandoning module AudioFormatOgg (48)
[2017.03.04-21.10.01:269][717]LogModuleManager: Shutting down and abandoning module AudioFormatADPCM (47)
[2017.03.04-21.10.01:269][717]LogModuleManager: Shutting down and abandoning module LinuxTargetPlatform (46)
[2017.03.04-21.10.01:269][717]LogModuleManager: Shutting down and abandoning module LinuxServerTargetPlatform (45)
[2017.03.04-21.10.01:269][717]LogModuleManager: Shutting down and abandoning module LinuxNoEditorTargetPlatform (44)
[2017.03.04-21.10.01:269][717]LogModuleManager: Shutting down and abandoning module LinuxClientTargetPlatform (43)
[2017.03.04-21.10.01:269][717]LogModuleManager: Shutting down and abandoning module TVOSTargetPlatform (42)
[2017.03.04-21.10.01:269][717]LogModuleManager: Shutting down and abandoning module Messaging (41)
[2017.03.04-21.10.01:269][717]LogModuleManager: Shutting down and abandoning module IOSTargetPlatform (40)
[2017.03.04-21.10.01:270][717]LogModuleManager: Shutting down and abandoning module HTML5TargetPlatform (39)
[2017.03.04-21.10.01:270][717]LogModuleManager: Shutting down and abandoning module Android_PVRTCTargetPlatform (38)
[2017.03.04-21.10.01:270][717]LogModuleManager: Shutting down and abandoning module Android_MultiTargetPlatform (37)
[2017.03.04-21.10.01:270][717]LogModuleManager: Shutting down and abandoning module Android_ETC2TargetPlatform (36)
[2017.03.04-21.10.01:270][717]LogModuleManager: Shutting down and abandoning module Android_ETC1TargetPlatform (35)
[2017.03.04-21.10.01:270][717]LogModuleManager: Shutting down and abandoning module Android_DXTTargetPlatform (34)
[2017.03.04-21.10.01:270][717]LogModuleManager: Shutting down and abandoning module Android_ATCTargetPlatform (33)
[2017.03.04-21.10.01:270][717]LogModuleManager: Shutting down and abandoning module Android_ASTCTargetPlatform (32)
[2017.03.04-21.10.01:270][717]LogModuleManager: Shutting down and abandoning module AndroidTargetPlatform (31)
[2017.03.04-21.10.01:270][717]LogModuleManager: Shutting down and abandoning module WindowsTargetPlatform (30)
[2017.03.04-21.10.01:270][717]LogModuleManager: Shutting down and abandoning module WindowsServerTargetPlatform (29)
[2017.03.04-21.10.01:270][717]LogModuleManager: Shutting down and abandoning module WindowsNoEditorTargetPlatform (28)
[2017.03.04-21.10.01:270][717]LogModuleManager: Shutting down and abandoning module WindowsClientTargetPlatform (27)
[2017.03.04-21.10.01:270][717]LogModuleManager: Shutting down and abandoning module AllDesktopTargetPlatform (26)
[2017.03.04-21.10.01:270][717]LogModuleManager: Shutting down and abandoning module TargetPlatform (25)
[2017.03.04-21.10.01:270][717]LogModuleManager: Shutting down and abandoning module InputCore (24)
[2017.03.04-21.10.01:270][717]LogModuleManager: Shutting down and abandoning module Settings (23)
[2017.03.04-21.10.01:270][717]LogModuleManager: Shutting down and abandoning module OculusRift (22)
[2017.03.04-21.10.01:270][717]LogModuleManager: Shutting down and abandoning module GearVR (21)
[2017.03.04-21.10.01:271][717]LogModuleManager: Shutting down and abandoning module ExampleDeviceProfileSelector (20)
[2017.03.04-21.10.01:271][717]LogModuleManager: Shutting down and abandoning module OnlineBlueprintSupport (19)
[2017.03.04-21.10.01:271][717]LogModuleManager: Shutting down and abandoning module OnlineSubsystem (17)
[2017.03.04-21.10.01:271][717]LogOnline:Display: Unloading online subsystem: NULL
[2017.03.04-21.10.01:272][717]LogModuleManager: Shutting down and abandoning module HTTP (16)
[2017.03.04-21.10.01:272][717]LogHttp:Display: Http module shutting down, but needs to wait on 1 outstanding Http requests:
[2017.03.04-21.10.01:272][717]LogHttp:Display: 	verb=[POST] url=[https://datarouter.ol.epicgames.com/datarouter/api/v1/public/data?SessionID=%7BD1CC67F5-4E8B-504B-CC76-EC99E65EE11B%7D&AppID=UEEditor.Rocket.Release&AppVersion=4.13.2-3172292%2B%2B%2BUE4%2BRelease-4.13&UserID=e5844dc547307f49fe0eabb18c1e9347%7C61fa628a0a484c42bf29cfe175eb00cf%7Cfa24b7ea-58e9-40ff-80f1-64996f84df4f&AppEnvironment=datacollector-binary&UploadType=eteventstream] status=Processing
[2017.03.04-21.10.01:297][717]LogModuleManager: Shutting down and abandoning module XMPP (15)
[2017.03.04-21.10.01:298][717]LogModuleManager: Shutting down and abandoning module TextureCompressor (14)
[2017.03.04-21.10.01:299][717]LogModuleManager: Shutting down and abandoning module ShaderCore (13)
[2017.03.04-21.10.01:299][717]LogModuleManager: Shutting down and abandoning module Landscape (12)
[2017.03.04-21.10.01:299][717]LogModuleManager: Shutting down and abandoning module SlateRHIRenderer (11)
[2017.03.04-21.10.01:302][717]LogModuleManager: Shutting down and abandoning module OpenGLDrv (10)
[2017.03.04-21.10.01:302][717]LogModuleManager: Shutting down and abandoning module D3D11RHI (9)
[2017.03.04-21.10.01:302][717]LogModuleManager: Shutting down and abandoning module AnimGraphRuntime (8)
[2017.03.04-21.10.01:302][717]LogModuleManager: Shutting down and abandoning module Renderer (7)
[2017.03.04-21.10.01:302][717]LogModuleManager: Shutting down and abandoning module Engine (6)
[2017.03.04-21.10.01:302][717]LogModuleManager: Shutting down and abandoning module CoreUObject (5)
[2017.03.04-21.10.01:302][717]LogModuleManager: Shutting down and abandoning module NetworkFile (4)
[2017.03.04-21.10.01:302][717]LogModuleManager: Shutting down and abandoning module StreamingFile (3)
[2017.03.04-21.10.01:302][717]LogModuleManager: Shutting down and abandoning module SandboxFile (2)
[2017.03.04-21.10.01:303][717]LogModuleManager: Shutting down and abandoning module PakFile (1)
[2017.03.04-21.10.01:306][717]LogExit: Exiting.
[2017.03.04-21.10.01:352][717]Log file closed, 03/04/17 21:10:01
